BUILDING APK FeedItemlistDescriptionAdapter_3_ViewComponentNotVisibleOperatorMutator

> Configure project :app
WARNING:The option setting 'android.jetifier.ignorelist=bcprov-jdk15on' is experimental.

> Task :app:copyLicense UP-TO-DATE
> Task :app:preBuild UP-TO-DATE
> Task :app:preFreeDebugBuild UP-TO-DATE
> Task :app:mergeFreeDebugNativeDebugMetadata NO-SOURCE
> Task :core:preBuild UP-TO-DATE
> Task :core:preFreeDebugBuild UP-TO-DATE
> Task :event:preBuild UP-TO-DATE
> Task :event:preDebugBuild UP-TO-DATE
> Task :model:preBuild UP-TO-DATE
> Task :model:preDebugBuild UP-TO-DATE
> Task :model:compileDebugAidl NO-SOURCE
> Task :event:compileDebugAidl NO-SOURCE
> Task :net:common:preBuild UP-TO-DATE
> Task :net:common:preDebugBuild UP-TO-DATE
> Task :net:common:compileDebugAidl NO-SOURCE
> Task :net:ssl:preBuild UP-TO-DATE
> Task :net:ssl:preFreeDebugBuild UP-TO-DATE
> Task :net:ssl:compileFreeDebugAidl NO-SOURCE
> Task :parser:feed:preBuild UP-TO-DATE
> Task :parser:feed:preDebugBuild UP-TO-DATE
> Task :parser:feed:compileDebugAidl NO-SOURCE
> Task :parser:media:preBuild UP-TO-DATE
> Task :parser:media:preDebugBuild UP-TO-DATE
> Task :parser:media:compileDebugAidl NO-SOURCE
> Task :playback:base:preBuild UP-TO-DATE
> Task :playback:base:preDebugBuild UP-TO-DATE
> Task :playback:base:compileDebugAidl NO-SOURCE
> Task :playback:cast:preBuild UP-TO-DATE
> Task :playback:cast:preFreeDebugBuild UP-TO-DATE
> Task :playback:cast:compileFreeDebugAidl NO-SOURCE
> Task :storage:database:preBuild UP-TO-DATE
> Task :storage:database:preDebugBuild UP-TO-DATE
> Task :storage:database:compileDebugAidl NO-SOURCE
> Task :storage:preferences:preBuild UP-TO-DATE
> Task :storage:preferences:preDebugBuild UP-TO-DATE
> Task :storage:preferences:compileDebugAidl NO-SOURCE
> Task :ui:app-start-intent:preBuild UP-TO-DATE
> Task :ui:app-start-intent:preDebugBuild UP-TO-DATE
> Task :ui:app-start-intent:compileDebugAidl NO-SOURCE
> Task :ui:common:preBuild UP-TO-DATE
> Task :ui:common:preDebugBuild UP-TO-DATE
> Task :ui:i18n:preBuild UP-TO-DATE
> Task :ui:i18n:preDebugBuild UP-TO-DATE
> Task :ui:i18n:compileDebugAidl NO-SOURCE
> Task :ui:common:compileDebugAidl NO-SOURCE
> Task :ui:png-icons:preBuild UP-TO-DATE
> Task :ui:png-icons:preDebugBuild UP-TO-DATE
> Task :ui:png-icons:compileDebugAidl NO-SOURCE
> Task :net:download:service-interface:preBuild UP-TO-DATE
> Task :net:download:service-interface:preDebugBuild UP-TO-DATE
> Task :net:download:service-interface:compileDebugAidl NO-SOURCE
> Task :net:sync:gpoddernet:preBuild UP-TO-DATE
> Task :net:sync:gpoddernet:preDebugBuild UP-TO-DATE
> Task :net:sync:model:preBuild UP-TO-DATE
> Task :net:sync:model:preDebugBuild UP-TO-DATE
> Task :net:sync:model:compileDebugAidl NO-SOURCE
> Task :net:sync:gpoddernet:compileDebugAidl NO-SOURCE
> Task :core:compileFreeDebugAidl NO-SOURCE
> Task :net:discovery:preBuild UP-TO-DATE
> Task :net:discovery:preFreeDebugBuild UP-TO-DATE
> Task :net:discovery:compileFreeDebugAidl NO-SOURCE
> Task :ui:glide:preBuild UP-TO-DATE
> Task :ui:glide:preFreeDebugBuild UP-TO-DATE
> Task :ui:glide:compileFreeDebugAidl NO-SOURCE
> Task :ui:statistics:preBuild UP-TO-DATE
> Task :ui:statistics:preFreeDebugBuild UP-TO-DATE
> Task :ui:statistics:compileFreeDebugAidl NO-SOURCE
> Task :app:compileFreeDebugAidl NO-SOURCE
> Task :core:packageFreeDebugRenderscript NO-SOURCE
> Task :event:packageDebugRenderscript NO-SOURCE
> Task :model:packageDebugRenderscript NO-SOURCE
> Task :net:common:packageDebugRenderscript NO-SOURCE
> Task :net:discovery:packageFreeDebugRenderscript NO-SOURCE
> Task :parser:feed:packageDebugRenderscript NO-SOURCE
> Task :playback:base:packageDebugRenderscript NO-SOURCE
> Task :playback:cast:packageFreeDebugRenderscript NO-SOURCE
> Task :storage:database:packageDebugRenderscript NO-SOURCE
> Task :storage:preferences:packageDebugRenderscript NO-SOURCE
> Task :ui:app-start-intent:packageDebugRenderscript NO-SOURCE
> Task :ui:common:packageDebugRenderscript NO-SOURCE
> Task :ui:glide:packageFreeDebugRenderscript NO-SOURCE
> Task :ui:i18n:packageDebugRenderscript NO-SOURCE
> Task :ui:statistics:packageFreeDebugRenderscript NO-SOURCE
> Task :net:download:service-interface:packageDebugRenderscript NO-SOURCE
> Task :net:sync:gpoddernet:packageDebugRenderscript NO-SOURCE
> Task :net:sync:model:packageDebugRenderscript NO-SOURCE
> Task :app:compileFreeDebugRenderscript NO-SOURCE
> Task :app:dataBindingMergeDependencyArtifactsFreeDebug UP-TO-DATE
> Task :app:generateFreeDebugResValues UP-TO-DATE
> Task :app:generateFreeDebugResources UP-TO-DATE
> Task :net:ssl:packageFreeDebugRenderscript NO-SOURCE
> Task :parser:media:packageDebugRenderscript NO-SOURCE
> Task :ui:png-icons:packageDebugRenderscript NO-SOURCE
> Task :core:compileFreeDebugRenderscript NO-SOURCE
> Task :core:generateFreeDebugResValues UP-TO-DATE
> Task :core:generateFreeDebugResources UP-TO-DATE
> Task :core:packageFreeDebugResources UP-TO-DATE
> Task :event:compileDebugRenderscript NO-SOURCE
> Task :event:generateDebugResValues UP-TO-DATE
> Task :event:generateDebugResources UP-TO-DATE
> Task :event:packageDebugResources UP-TO-DATE
> Task :model:compileDebugRenderscript NO-SOURCE
> Task :model:generateDebugResValues UP-TO-DATE
> Task :model:generateDebugResources UP-TO-DATE
> Task :model:packageDebugResources UP-TO-DATE
> Task :net:common:compileDebugRenderscript NO-SOURCE
> Task :net:common:generateDebugResValues UP-TO-DATE
> Task :net:common:generateDebugResources UP-TO-DATE
> Task :net:common:packageDebugResources UP-TO-DATE
> Task :net:discovery:compileFreeDebugRenderscript NO-SOURCE
> Task :net:discovery:generateFreeDebugResValues UP-TO-DATE
> Task :net:discovery:generateFreeDebugResources UP-TO-DATE
> Task :net:discovery:packageFreeDebugResources UP-TO-DATE
> Task :net:ssl:compileFreeDebugRenderscript NO-SOURCE
> Task :net:ssl:generateFreeDebugResValues UP-TO-DATE
> Task :net:ssl:generateFreeDebugResources UP-TO-DATE
> Task :net:ssl:packageFreeDebugResources UP-TO-DATE
> Task :parser:feed:compileDebugRenderscript NO-SOURCE
> Task :parser:feed:generateDebugResValues UP-TO-DATE
> Task :parser:feed:generateDebugResources UP-TO-DATE
> Task :parser:feed:packageDebugResources UP-TO-DATE
> Task :parser:media:compileDebugRenderscript NO-SOURCE
> Task :parser:media:generateDebugResValues UP-TO-DATE
> Task :parser:media:generateDebugResources UP-TO-DATE
> Task :parser:media:packageDebugResources UP-TO-DATE
> Task :playback:base:compileDebugRenderscript NO-SOURCE
> Task :playback:base:generateDebugResValues UP-TO-DATE
> Task :playback:base:generateDebugResources UP-TO-DATE
> Task :playback:base:packageDebugResources UP-TO-DATE
> Task :playback:cast:compileFreeDebugRenderscript NO-SOURCE
> Task :playback:cast:generateFreeDebugResValues UP-TO-DATE
> Task :playback:cast:generateFreeDebugResources UP-TO-DATE
> Task :playback:cast:packageFreeDebugResources UP-TO-DATE
> Task :storage:database:compileDebugRenderscript NO-SOURCE
> Task :storage:database:generateDebugResValues UP-TO-DATE
> Task :storage:database:generateDebugResources UP-TO-DATE
> Task :storage:database:packageDebugResources UP-TO-DATE
> Task :storage:preferences:compileDebugRenderscript NO-SOURCE
> Task :storage:preferences:generateDebugResValues UP-TO-DATE
> Task :storage:preferences:generateDebugResources UP-TO-DATE
> Task :storage:preferences:packageDebugResources UP-TO-DATE
> Task :ui:app-start-intent:compileDebugRenderscript NO-SOURCE
> Task :ui:app-start-intent:generateDebugResValues UP-TO-DATE
> Task :ui:app-start-intent:generateDebugResources UP-TO-DATE
> Task :ui:app-start-intent:packageDebugResources UP-TO-DATE
> Task :ui:common:compileDebugRenderscript NO-SOURCE
> Task :ui:common:generateDebugResValues UP-TO-DATE
> Task :ui:common:generateDebugResources UP-TO-DATE
> Task :ui:common:packageDebugResources UP-TO-DATE
> Task :ui:glide:compileFreeDebugRenderscript NO-SOURCE
> Task :ui:glide:generateFreeDebugResValues UP-TO-DATE
> Task :ui:glide:generateFreeDebugResources UP-TO-DATE
> Task :ui:glide:packageFreeDebugResources UP-TO-DATE
> Task :ui:i18n:compileDebugRenderscript NO-SOURCE
> Task :ui:i18n:generateDebugResValues UP-TO-DATE
> Task :ui:i18n:generateDebugResources UP-TO-DATE
> Task :ui:i18n:packageDebugResources UP-TO-DATE
> Task :ui:png-icons:compileDebugRenderscript NO-SOURCE
> Task :ui:png-icons:generateDebugResValues UP-TO-DATE
> Task :ui:png-icons:generateDebugResources UP-TO-DATE
> Task :ui:png-icons:packageDebugResources UP-TO-DATE
> Task :ui:statistics:compileFreeDebugRenderscript NO-SOURCE
> Task :ui:statistics:generateFreeDebugResValues UP-TO-DATE
> Task :ui:statistics:generateFreeDebugResources UP-TO-DATE
> Task :ui:statistics:packageFreeDebugResources UP-TO-DATE
> Task :net:download:service-interface:compileDebugRenderscript NO-SOURCE
> Task :net:download:service-interface:generateDebugResValues UP-TO-DATE
> Task :net:download:service-interface:generateDebugResources UP-TO-DATE
> Task :net:download:service-interface:packageDebugResources UP-TO-DATE
> Task :net:sync:gpoddernet:compileDebugRenderscript NO-SOURCE
> Task :net:sync:gpoddernet:generateDebugResValues UP-TO-DATE
> Task :net:sync:gpoddernet:generateDebugResources UP-TO-DATE
> Task :net:sync:gpoddernet:packageDebugResources UP-TO-DATE
> Task :net:sync:model:compileDebugRenderscript NO-SOURCE
> Task :net:sync:model:generateDebugResValues UP-TO-DATE
> Task :net:sync:model:generateDebugResources UP-TO-DATE
> Task :net:sync:model:packageDebugResources UP-TO-DATE
> Task :app:mergeFreeDebugResources UP-TO-DATE
> Task :core:dataBindingMergeDependencyArtifactsFreeDebug UP-TO-DATE
> Task :event:dataBindingMergeDependencyArtifactsDebug UP-TO-DATE
> Task :model:dataBindingMergeDependencyArtifactsDebug UP-TO-DATE
> Task :model:dataBindingGenBaseClassesDebug UP-TO-DATE
> Task :event:dataBindingGenBaseClassesDebug UP-TO-DATE
> Task :net:common:dataBindingMergeDependencyArtifactsDebug UP-TO-DATE
> Task :net:common:dataBindingGenBaseClassesDebug UP-TO-DATE
> Task :net:ssl:dataBindingMergeDependencyArtifactsFreeDebug UP-TO-DATE
> Task :net:ssl:dataBindingGenBaseClassesFreeDebug UP-TO-DATE
> Task :parser:feed:dataBindingMergeDependencyArtifactsDebug UP-TO-DATE
> Task :parser:feed:dataBindingGenBaseClassesDebug UP-TO-DATE
> Task :parser:media:dataBindingMergeDependencyArtifactsDebug UP-TO-DATE
> Task :parser:media:dataBindingGenBaseClassesDebug UP-TO-DATE
> Task :playback:base:dataBindingMergeDependencyArtifactsDebug UP-TO-DATE
> Task :playback:base:dataBindingGenBaseClassesDebug UP-TO-DATE
> Task :playback:cast:dataBindingMergeDependencyArtifactsFreeDebug UP-TO-DATE
> Task :playback:cast:dataBindingGenBaseClassesFreeDebug UP-TO-DATE
> Task :storage:database:dataBindingMergeDependencyArtifactsDebug UP-TO-DATE
> Task :storage:database:dataBindingGenBaseClassesDebug UP-TO-DATE
> Task :storage:preferences:dataBindingMergeDependencyArtifactsDebug UP-TO-DATE
> Task :storage:preferences:dataBindingGenBaseClassesDebug UP-TO-DATE
> Task :ui:app-start-intent:dataBindingMergeDependencyArtifactsDebug UP-TO-DATE
> Task :ui:app-start-intent:dataBindingGenBaseClassesDebug UP-TO-DATE
> Task :ui:common:dataBindingMergeDependencyArtifactsDebug UP-TO-DATE
> Task :ui:i18n:dataBindingMergeDependencyArtifactsDebug UP-TO-DATE
> Task :ui:i18n:dataBindingGenBaseClassesDebug UP-TO-DATE
> Task :ui:common:dataBindingGenBaseClassesDebug UP-TO-DATE
> Task :ui:png-icons:dataBindingMergeDependencyArtifactsDebug UP-TO-DATE
> Task :ui:png-icons:dataBindingGenBaseClassesDebug UP-TO-DATE
> Task :net:download:service-interface:dataBindingMergeDependencyArtifactsDebug UP-TO-DATE
> Task :net:download:service-interface:dataBindingGenBaseClassesDebug UP-TO-DATE
> Task :net:sync:gpoddernet:dataBindingMergeDependencyArtifactsDebug UP-TO-DATE
> Task :net:sync:model:dataBindingMergeDependencyArtifactsDebug UP-TO-DATE
> Task :net:sync:model:dataBindingGenBaseClassesDebug UP-TO-DATE
> Task :net:sync:gpoddernet:dataBindingGenBaseClassesDebug UP-TO-DATE
> Task :core:dataBindingGenBaseClassesFreeDebug UP-TO-DATE
> Task :net:discovery:dataBindingMergeDependencyArtifactsFreeDebug UP-TO-DATE
> Task :net:discovery:dataBindingGenBaseClassesFreeDebug UP-TO-DATE
> Task :ui:glide:dataBindingMergeDependencyArtifactsFreeDebug UP-TO-DATE
> Task :ui:glide:dataBindingGenBaseClassesFreeDebug UP-TO-DATE
> Task :ui:statistics:dataBindingMergeDependencyArtifactsFreeDebug UP-TO-DATE
> Task :ui:statistics:dataBindingGenBaseClassesFreeDebug UP-TO-DATE
> Task :app:dataBindingGenBaseClassesFreeDebug UP-TO-DATE
> Task :app:generateFreeDebugBuildConfig UP-TO-DATE
> Task :app:javaPreCompileFreeDebug UP-TO-DATE
> Task :core:writeFreeDebugAarMetadata UP-TO-DATE
> Task :event:writeDebugAarMetadata UP-TO-DATE
> Task :model:writeDebugAarMetadata UP-TO-DATE
> Task :net:common:writeDebugAarMetadata UP-TO-DATE
> Task :net:discovery:writeFreeDebugAarMetadata UP-TO-DATE
> Task :net:ssl:writeFreeDebugAarMetadata UP-TO-DATE
> Task :parser:feed:writeDebugAarMetadata UP-TO-DATE
> Task :parser:media:writeDebugAarMetadata UP-TO-DATE
> Task :playback:base:writeDebugAarMetadata UP-TO-DATE
> Task :playback:cast:writeFreeDebugAarMetadata UP-TO-DATE
> Task :storage:database:writeDebugAarMetadata UP-TO-DATE
> Task :storage:preferences:writeDebugAarMetadata UP-TO-DATE
> Task :ui:app-start-intent:writeDebugAarMetadata UP-TO-DATE
> Task :ui:common:writeDebugAarMetadata UP-TO-DATE
> Task :ui:glide:writeFreeDebugAarMetadata UP-TO-DATE
> Task :ui:i18n:writeDebugAarMetadata UP-TO-DATE
> Task :ui:png-icons:writeDebugAarMetadata UP-TO-DATE
> Task :ui:statistics:writeFreeDebugAarMetadata UP-TO-DATE
> Task :net:download:service-interface:writeDebugAarMetadata UP-TO-DATE
> Task :net:sync:gpoddernet:writeDebugAarMetadata UP-TO-DATE
> Task :net:sync:model:writeDebugAarMetadata UP-TO-DATE
> Task :app:checkFreeDebugAarMetadata UP-TO-DATE
> Task :app:mapFreeDebugSourceSetPaths UP-TO-DATE
> Task :app:createFreeDebugCompatibleScreenManifests UP-TO-DATE
> Task :app:extractDeepLinksFreeDebug UP-TO-DATE
> Task :core:extractDeepLinksFreeDebug UP-TO-DATE
> Task :core:processFreeDebugManifest UP-TO-DATE
> Task :event:extractDeepLinksDebug UP-TO-DATE
> Task :event:processDebugManifest UP-TO-DATE
> Task :model:extractDeepLinksDebug UP-TO-DATE
> Task :model:processDebugManifest UP-TO-DATE
> Task :net:common:extractDeepLinksDebug UP-TO-DATE
> Task :net:common:processDebugManifest UP-TO-DATE
> Task :net:discovery:extractDeepLinksFreeDebug UP-TO-DATE
> Task :net:discovery:processFreeDebugManifest UP-TO-DATE
> Task :net:ssl:extractDeepLinksFreeDebug UP-TO-DATE
> Task :net:ssl:processFreeDebugManifest UP-TO-DATE
> Task :parser:feed:extractDeepLinksDebug UP-TO-DATE
> Task :parser:feed:processDebugManifest UP-TO-DATE
> Task :parser:media:extractDeepLinksDebug UP-TO-DATE
> Task :parser:media:processDebugManifest UP-TO-DATE
> Task :playback:base:extractDeepLinksDebug UP-TO-DATE
> Task :playback:base:processDebugManifest UP-TO-DATE
> Task :playback:cast:extractDeepLinksFreeDebug UP-TO-DATE
> Task :playback:cast:processFreeDebugManifest UP-TO-DATE
> Task :storage:database:extractDeepLinksDebug UP-TO-DATE
> Task :storage:database:processDebugManifest UP-TO-DATE
> Task :storage:preferences:extractDeepLinksDebug UP-TO-DATE
> Task :storage:preferences:processDebugManifest UP-TO-DATE
> Task :ui:app-start-intent:extractDeepLinksDebug UP-TO-DATE
> Task :ui:app-start-intent:processDebugManifest UP-TO-DATE
> Task :ui:common:extractDeepLinksDebug UP-TO-DATE
> Task :ui:common:processDebugManifest UP-TO-DATE
> Task :ui:glide:extractDeepLinksFreeDebug UP-TO-DATE
> Task :ui:glide:processFreeDebugManifest UP-TO-DATE
> Task :ui:i18n:extractDeepLinksDebug UP-TO-DATE
> Task :ui:i18n:processDebugManifest UP-TO-DATE
> Task :ui:png-icons:extractDeepLinksDebug UP-TO-DATE
> Task :ui:png-icons:processDebugManifest UP-TO-DATE
> Task :ui:statistics:extractDeepLinksFreeDebug UP-TO-DATE
> Task :ui:statistics:processFreeDebugManifest UP-TO-DATE
> Task :net:download:service-interface:extractDeepLinksDebug UP-TO-DATE
> Task :net:download:service-interface:processDebugManifest UP-TO-DATE
> Task :net:sync:gpoddernet:extractDeepLinksDebug UP-TO-DATE
> Task :net:sync:gpoddernet:processDebugManifest UP-TO-DATE
> Task :net:sync:model:extractDeepLinksDebug UP-TO-DATE
> Task :net:sync:model:processDebugManifest UP-TO-DATE
> Task :app:processFreeDebugMainManifest UP-TO-DATE
> Task :app:processFreeDebugManifest UP-TO-DATE
> Task :app:processFreeDebugManifestForPackage UP-TO-DATE
> Task :core:compileFreeDebugLibraryResources UP-TO-DATE
> Task :core:parseFreeDebugLocalResources UP-TO-DATE
> Task :event:parseDebugLocalResources UP-TO-DATE
> Task :model:parseDebugLocalResources UP-TO-DATE
> Task :model:generateDebugRFile UP-TO-DATE
> Task :event:generateDebugRFile UP-TO-DATE
> Task :net:common:parseDebugLocalResources UP-TO-DATE
> Task :net:common:generateDebugRFile UP-TO-DATE
> Task :net:ssl:parseFreeDebugLocalResources UP-TO-DATE
> Task :net:ssl:generateFreeDebugRFile UP-TO-DATE
> Task :parser:feed:parseDebugLocalResources UP-TO-DATE
> Task :parser:feed:generateDebugRFile UP-TO-DATE
> Task :parser:media:parseDebugLocalResources UP-TO-DATE
> Task :parser:media:generateDebugRFile UP-TO-DATE
> Task :playback:base:parseDebugLocalResources UP-TO-DATE
> Task :playback:base:generateDebugRFile UP-TO-DATE
> Task :playback:cast:parseFreeDebugLocalResources UP-TO-DATE
> Task :playback:cast:generateFreeDebugRFile UP-TO-DATE
> Task :storage:database:parseDebugLocalResources UP-TO-DATE
> Task :storage:database:generateDebugRFile UP-TO-DATE
> Task :storage:preferences:parseDebugLocalResources UP-TO-DATE
> Task :storage:preferences:generateDebugRFile UP-TO-DATE
> Task :ui:app-start-intent:parseDebugLocalResources UP-TO-DATE
> Task :ui:app-start-intent:generateDebugRFile UP-TO-DATE
> Task :ui:common:parseDebugLocalResources UP-TO-DATE
> Task :ui:i18n:parseDebugLocalResources UP-TO-DATE
> Task :ui:i18n:generateDebugRFile UP-TO-DATE
> Task :ui:common:generateDebugRFile UP-TO-DATE
> Task :ui:png-icons:parseDebugLocalResources UP-TO-DATE
> Task :ui:png-icons:generateDebugRFile UP-TO-DATE
> Task :net:download:service-interface:parseDebugLocalResources UP-TO-DATE
> Task :net:download:service-interface:generateDebugRFile UP-TO-DATE
> Task :net:sync:gpoddernet:parseDebugLocalResources UP-TO-DATE
> Task :net:sync:model:parseDebugLocalResources UP-TO-DATE
> Task :net:sync:model:generateDebugRFile UP-TO-DATE
> Task :net:sync:gpoddernet:generateDebugRFile UP-TO-DATE
> Task :core:generateFreeDebugRFile UP-TO-DATE
> Task :event:compileDebugLibraryResources UP-TO-DATE
> Task :model:compileDebugLibraryResources UP-TO-DATE
> Task :net:common:compileDebugLibraryResources UP-TO-DATE
> Task :net:discovery:compileFreeDebugLibraryResources UP-TO-DATE
> Task :net:discovery:parseFreeDebugLocalResources UP-TO-DATE
> Task :net:discovery:generateFreeDebugRFile UP-TO-DATE
> Task :net:ssl:compileFreeDebugLibraryResources UP-TO-DATE
> Task :parser:feed:compileDebugLibraryResources UP-TO-DATE
> Task :parser:media:compileDebugLibraryResources UP-TO-DATE
> Task :playback:base:compileDebugLibraryResources UP-TO-DATE
> Task :playback:cast:compileFreeDebugLibraryResources UP-TO-DATE
> Task :storage:database:compileDebugLibraryResources UP-TO-DATE
> Task :storage:preferences:compileDebugLibraryResources UP-TO-DATE
> Task :ui:app-start-intent:compileDebugLibraryResources UP-TO-DATE
> Task :ui:common:compileDebugLibraryResources UP-TO-DATE
> Task :ui:glide:compileFreeDebugLibraryResources UP-TO-DATE
> Task :ui:glide:parseFreeDebugLocalResources UP-TO-DATE
> Task :ui:glide:generateFreeDebugRFile UP-TO-DATE
> Task :ui:i18n:compileDebugLibraryResources UP-TO-DATE
> Task :ui:png-icons:compileDebugLibraryResources UP-TO-DATE
> Task :ui:statistics:compileFreeDebugLibraryResources UP-TO-DATE
> Task :ui:statistics:parseFreeDebugLocalResources UP-TO-DATE
> Task :ui:statistics:generateFreeDebugRFile UP-TO-DATE
> Task :net:download:service-interface:compileDebugLibraryResources UP-TO-DATE
> Task :net:sync:gpoddernet:compileDebugLibraryResources UP-TO-DATE
> Task :net:sync:model:compileDebugLibraryResources UP-TO-DATE
> Task :app:processFreeDebugResources UP-TO-DATE
> Task :core:generateFreeDebugBuildConfig UP-TO-DATE
> Task :core:javaPreCompileFreeDebug UP-TO-DATE
> Task :event:generateDebugBuildConfig UP-TO-DATE
> Task :event:javaPreCompileDebug UP-TO-DATE
> Task :model:generateDebugBuildConfig UP-TO-DATE
> Task :model:javaPreCompileDebug UP-TO-DATE
> Task :model:compileDebugJavaWithJavac UP-TO-DATE
> Task :model:bundleLibCompileToJarDebug UP-TO-DATE
> Task :event:compileDebugJavaWithJavac UP-TO-DATE
> Task :event:bundleLibCompileToJarDebug UP-TO-DATE
> Task :net:common:generateDebugBuildConfig UP-TO-DATE
> Task :net:common:javaPreCompileDebug UP-TO-DATE
> Task :net:common:compileDebugJavaWithJavac UP-TO-DATE
> Task :net:common:bundleLibCompileToJarDebug UP-TO-DATE
> Task :net:ssl:generateFreeDebugBuildConfig UP-TO-DATE
> Task :net:ssl:javaPreCompileFreeDebug UP-TO-DATE
> Task :net:ssl:compileFreeDebugJavaWithJavac UP-TO-DATE
> Task :net:ssl:bundleLibCompileToJarFreeDebug UP-TO-DATE
> Task :parser:feed:generateDebugBuildConfig UP-TO-DATE
> Task :parser:feed:javaPreCompileDebug UP-TO-DATE
> Task :parser:feed:compileDebugJavaWithJavac UP-TO-DATE
> Task :parser:feed:bundleLibCompileToJarDebug UP-TO-DATE
> Task :parser:media:generateDebugBuildConfig UP-TO-DATE
> Task :parser:media:javaPreCompileDebug UP-TO-DATE
> Task :parser:media:compileDebugJavaWithJavac UP-TO-DATE
> Task :parser:media:bundleLibCompileToJarDebug UP-TO-DATE
> Task :playback:base:generateDebugBuildConfig UP-TO-DATE
> Task :playback:base:javaPreCompileDebug UP-TO-DATE
> Task :playback:base:compileDebugJavaWithJavac UP-TO-DATE
> Task :playback:base:bundleLibCompileToJarDebug UP-TO-DATE
> Task :playback:cast:generateFreeDebugBuildConfig UP-TO-DATE
> Task :playback:cast:javaPreCompileFreeDebug UP-TO-DATE
> Task :playback:cast:compileFreeDebugJavaWithJavac UP-TO-DATE
> Task :playback:cast:bundleLibCompileToJarFreeDebug UP-TO-DATE
> Task :storage:database:generateDebugBuildConfig UP-TO-DATE
> Task :storage:database:javaPreCompileDebug UP-TO-DATE
> Task :storage:database:compileDebugJavaWithJavac UP-TO-DATE
> Task :storage:database:bundleLibCompileToJarDebug UP-TO-DATE
> Task :storage:preferences:generateDebugBuildConfig UP-TO-DATE
> Task :storage:preferences:javaPreCompileDebug UP-TO-DATE
> Task :storage:preferences:compileDebugJavaWithJavac UP-TO-DATE
> Task :storage:preferences:bundleLibCompileToJarDebug UP-TO-DATE
> Task :ui:app-start-intent:generateDebugBuildConfig UP-TO-DATE
> Task :ui:app-start-intent:javaPreCompileDebug UP-TO-DATE
> Task :ui:app-start-intent:compileDebugJavaWithJavac UP-TO-DATE
> Task :ui:app-start-intent:bundleLibCompileToJarDebug UP-TO-DATE
> Task :ui:common:generateDebugBuildConfig UP-TO-DATE
> Task :ui:common:javaPreCompileDebug UP-TO-DATE
> Task :ui:i18n:generateDebugBuildConfig UP-TO-DATE
> Task :ui:i18n:javaPreCompileDebug UP-TO-DATE
> Task :ui:i18n:compileDebugJavaWithJavac UP-TO-DATE
> Task :ui:i18n:bundleLibCompileToJarDebug UP-TO-DATE
> Task :ui:common:compileDebugJavaWithJavac UP-TO-DATE
> Task :ui:common:bundleLibCompileToJarDebug UP-TO-DATE
> Task :ui:png-icons:generateDebugBuildConfig UP-TO-DATE
> Task :ui:png-icons:javaPreCompileDebug UP-TO-DATE
> Task :ui:png-icons:compileDebugJavaWithJavac UP-TO-DATE
> Task :ui:png-icons:bundleLibCompileToJarDebug UP-TO-DATE
> Task :net:download:service-interface:generateDebugBuildConfig UP-TO-DATE
> Task :net:download:service-interface:javaPreCompileDebug UP-TO-DATE
> Task :net:download:service-interface:compileDebugJavaWithJavac UP-TO-DATE
> Task :net:download:service-interface:bundleLibCompileToJarDebug UP-TO-DATE
> Task :net:sync:gpoddernet:generateDebugBuildConfig UP-TO-DATE
> Task :net:sync:gpoddernet:javaPreCompileDebug UP-TO-DATE
> Task :net:sync:model:generateDebugBuildConfig UP-TO-DATE
> Task :net:sync:model:javaPreCompileDebug UP-TO-DATE
> Task :net:sync:model:compileDebugJavaWithJavac UP-TO-DATE
> Task :net:sync:model:bundleLibCompileToJarDebug UP-TO-DATE
> Task :net:sync:gpoddernet:compileDebugJavaWithJavac UP-TO-DATE
> Task :net:sync:gpoddernet:bundleLibCompileToJarDebug UP-TO-DATE
> Task :core:compileFreeDebugJavaWithJavac UP-TO-DATE
> Task :core:bundleLibCompileToJarFreeDebug UP-TO-DATE
> Task :net:discovery:generateFreeDebugBuildConfig UP-TO-DATE
> Task :net:discovery:javaPreCompileFreeDebug UP-TO-DATE
> Task :net:discovery:compileFreeDebugJavaWithJavac UP-TO-DATE
> Task :net:discovery:bundleLibCompileToJarFreeDebug UP-TO-DATE
> Task :ui:glide:generateFreeDebugBuildConfig UP-TO-DATE
> Task :ui:glide:javaPreCompileFreeDebug UP-TO-DATE
> Task :ui:glide:compileFreeDebugJavaWithJavac UP-TO-DATE
> Task :ui:glide:bundleLibCompileToJarFreeDebug UP-TO-DATE
> Task :ui:statistics:generateFreeDebugBuildConfig UP-TO-DATE
> Task :ui:statistics:javaPreCompileFreeDebug UP-TO-DATE
> Task :ui:statistics:compileFreeDebugJavaWithJavac UP-TO-DATE
> Task :ui:statistics:bundleLibCompileToJarFreeDebug UP-TO-DATE

> Task :app:compileFreeDebugJavaWithJavac
warning: No processor claimed any of these annotations: /androidx.annotation.Nullable,/androidx.annotation.UiThread,/androidx.annotation.VisibleForTesting,/androidx.annotation.NonNull
1 warning

> Task :app:mergeFreeDebugShaders UP-TO-DATE
> Task :app:compileFreeDebugShaders NO-SOURCE
> Task :app:generateFreeDebugAssets UP-TO-DATE
> Task :core:mergeFreeDebugShaders UP-TO-DATE
> Task :core:compileFreeDebugShaders NO-SOURCE
> Task :core:generateFreeDebugAssets UP-TO-DATE
> Task :core:packageFreeDebugAssets UP-TO-DATE
> Task :event:mergeDebugShaders UP-TO-DATE
> Task :event:compileDebugShaders NO-SOURCE
> Task :event:generateDebugAssets UP-TO-DATE
> Task :event:packageDebugAssets UP-TO-DATE
> Task :model:mergeDebugShaders UP-TO-DATE
> Task :model:compileDebugShaders NO-SOURCE
> Task :model:generateDebugAssets UP-TO-DATE
> Task :model:packageDebugAssets UP-TO-DATE
> Task :net:common:mergeDebugShaders UP-TO-DATE
> Task :net:common:compileDebugShaders NO-SOURCE
> Task :net:common:generateDebugAssets UP-TO-DATE
> Task :net:common:packageDebugAssets UP-TO-DATE
> Task :net:discovery:mergeFreeDebugShaders UP-TO-DATE
> Task :net:discovery:compileFreeDebugShaders NO-SOURCE
> Task :net:discovery:generateFreeDebugAssets UP-TO-DATE
> Task :net:discovery:packageFreeDebugAssets UP-TO-DATE
> Task :net:ssl:mergeFreeDebugShaders UP-TO-DATE
> Task :net:ssl:compileFreeDebugShaders NO-SOURCE
> Task :net:ssl:generateFreeDebugAssets UP-TO-DATE
> Task :net:ssl:packageFreeDebugAssets UP-TO-DATE
> Task :parser:feed:mergeDebugShaders UP-TO-DATE
> Task :parser:feed:compileDebugShaders NO-SOURCE
> Task :parser:feed:generateDebugAssets UP-TO-DATE
> Task :parser:feed:packageDebugAssets UP-TO-DATE
> Task :parser:media:mergeDebugShaders UP-TO-DATE
> Task :parser:media:compileDebugShaders NO-SOURCE
> Task :parser:media:generateDebugAssets UP-TO-DATE
> Task :parser:media:packageDebugAssets UP-TO-DATE
> Task :playback:base:mergeDebugShaders UP-TO-DATE
> Task :playback:base:compileDebugShaders NO-SOURCE
> Task :playback:base:generateDebugAssets UP-TO-DATE
> Task :playback:base:packageDebugAssets UP-TO-DATE
> Task :playback:cast:mergeFreeDebugShaders UP-TO-DATE
> Task :playback:cast:compileFreeDebugShaders NO-SOURCE
> Task :playback:cast:generateFreeDebugAssets UP-TO-DATE
> Task :playback:cast:packageFreeDebugAssets UP-TO-DATE
> Task :storage:database:mergeDebugShaders UP-TO-DATE
> Task :storage:database:compileDebugShaders NO-SOURCE
> Task :storage:database:generateDebugAssets UP-TO-DATE
> Task :storage:database:packageDebugAssets UP-TO-DATE
> Task :storage:preferences:mergeDebugShaders UP-TO-DATE
> Task :storage:preferences:compileDebugShaders NO-SOURCE
> Task :storage:preferences:generateDebugAssets UP-TO-DATE
> Task :storage:preferences:packageDebugAssets UP-TO-DATE
> Task :ui:app-start-intent:mergeDebugShaders UP-TO-DATE
> Task :ui:app-start-intent:compileDebugShaders NO-SOURCE
> Task :ui:app-start-intent:generateDebugAssets UP-TO-DATE
> Task :ui:app-start-intent:packageDebugAssets UP-TO-DATE
> Task :ui:common:mergeDebugShaders UP-TO-DATE
> Task :ui:common:compileDebugShaders NO-SOURCE
> Task :ui:common:generateDebugAssets UP-TO-DATE
> Task :ui:common:packageDebugAssets UP-TO-DATE
> Task :ui:glide:mergeFreeDebugShaders UP-TO-DATE
> Task :ui:glide:compileFreeDebugShaders NO-SOURCE
> Task :ui:glide:generateFreeDebugAssets UP-TO-DATE
> Task :ui:glide:packageFreeDebugAssets UP-TO-DATE
> Task :ui:i18n:mergeDebugShaders UP-TO-DATE
> Task :ui:i18n:compileDebugShaders NO-SOURCE
> Task :ui:i18n:generateDebugAssets UP-TO-DATE
> Task :ui:i18n:packageDebugAssets UP-TO-DATE
> Task :ui:png-icons:mergeDebugShaders UP-TO-DATE
> Task :ui:png-icons:compileDebugShaders NO-SOURCE
> Task :ui:png-icons:generateDebugAssets UP-TO-DATE
> Task :ui:png-icons:packageDebugAssets UP-TO-DATE
> Task :ui:statistics:mergeFreeDebugShaders UP-TO-DATE
> Task :ui:statistics:compileFreeDebugShaders NO-SOURCE
> Task :ui:statistics:generateFreeDebugAssets UP-TO-DATE
> Task :ui:statistics:packageFreeDebugAssets UP-TO-DATE
> Task :net:download:service-interface:mergeDebugShaders UP-TO-DATE
> Task :net:download:service-interface:compileDebugShaders NO-SOURCE
> Task :net:download:service-interface:generateDebugAssets UP-TO-DATE
> Task :net:download:service-interface:packageDebugAssets UP-TO-DATE
> Task :net:sync:gpoddernet:mergeDebugShaders UP-TO-DATE
> Task :net:sync:gpoddernet:compileDebugShaders NO-SOURCE
> Task :net:sync:gpoddernet:generateDebugAssets UP-TO-DATE
> Task :net:sync:gpoddernet:packageDebugAssets UP-TO-DATE
> Task :net:sync:model:mergeDebugShaders UP-TO-DATE
> Task :net:sync:model:compileDebugShaders NO-SOURCE
> Task :net:sync:model:generateDebugAssets UP-TO-DATE
> Task :net:sync:model:packageDebugAssets UP-TO-DATE
> Task :app:mergeFreeDebugAssets UP-TO-DATE
> Task :app:compressFreeDebugAssets UP-TO-DATE
> Task :app:checkFreeDebugDuplicateClasses UP-TO-DATE
> Task :app:desugarFreeDebugFileDependencies UP-TO-DATE
> Task :app:mergeExtDexFreeDebug UP-TO-DATE
> Task :app:processFreeDebugJavaRes NO-SOURCE
> Task :core:processFreeDebugJavaRes NO-SOURCE
> Task :core:bundleLibResFreeDebug UP-TO-DATE
> Task :event:processDebugJavaRes NO-SOURCE
> Task :event:bundleLibResDebug UP-TO-DATE
> Task :model:processDebugJavaRes NO-SOURCE
> Task :model:bundleLibResDebug UP-TO-DATE
> Task :net:common:processDebugJavaRes NO-SOURCE
> Task :net:common:bundleLibResDebug UP-TO-DATE
> Task :net:discovery:processFreeDebugJavaRes NO-SOURCE
> Task :net:discovery:bundleLibResFreeDebug UP-TO-DATE
> Task :net:ssl:processFreeDebugJavaRes NO-SOURCE
> Task :net:ssl:bundleLibResFreeDebug UP-TO-DATE
> Task :parser:feed:processDebugJavaRes NO-SOURCE
> Task :parser:feed:bundleLibResDebug UP-TO-DATE
> Task :parser:media:processDebugJavaRes NO-SOURCE
> Task :parser:media:bundleLibResDebug UP-TO-DATE
> Task :playback:base:processDebugJavaRes NO-SOURCE
> Task :playback:base:bundleLibResDebug UP-TO-DATE
> Task :playback:cast:processFreeDebugJavaRes NO-SOURCE
> Task :playback:cast:bundleLibResFreeDebug UP-TO-DATE
> Task :storage:database:processDebugJavaRes NO-SOURCE
> Task :storage:database:bundleLibResDebug UP-TO-DATE
> Task :storage:preferences:processDebugJavaRes NO-SOURCE
> Task :storage:preferences:bundleLibResDebug UP-TO-DATE
> Task :ui:app-start-intent:processDebugJavaRes NO-SOURCE
> Task :ui:app-start-intent:bundleLibResDebug UP-TO-DATE
> Task :ui:common:processDebugJavaRes NO-SOURCE
> Task :ui:common:bundleLibResDebug UP-TO-DATE
> Task :ui:glide:processFreeDebugJavaRes NO-SOURCE
> Task :ui:glide:bundleLibResFreeDebug UP-TO-DATE
> Task :ui:i18n:processDebugJavaRes NO-SOURCE
> Task :ui:i18n:bundleLibResDebug UP-TO-DATE
> Task :ui:png-icons:processDebugJavaRes NO-SOURCE
> Task :ui:png-icons:bundleLibResDebug UP-TO-DATE
> Task :ui:statistics:processFreeDebugJavaRes NO-SOURCE
> Task :ui:statistics:bundleLibResFreeDebug UP-TO-DATE
> Task :net:download:service-interface:processDebugJavaRes NO-SOURCE
> Task :net:download:service-interface:bundleLibResDebug UP-TO-DATE
> Task :net:sync:gpoddernet:processDebugJavaRes NO-SOURCE
> Task :net:sync:gpoddernet:bundleLibResDebug UP-TO-DATE
> Task :net:sync:model:processDebugJavaRes NO-SOURCE
> Task :net:sync:model:bundleLibResDebug UP-TO-DATE
> Task :app:mergeFreeDebugJavaResource UP-TO-DATE
> Task :net:discovery:bundleLibRuntimeToJarFreeDebug UP-TO-DATE
> Task :core:bundleLibRuntimeToJarFreeDebug UP-TO-DATE
> Task :event:bundleLibRuntimeToJarDebug UP-TO-DATE
> Task :model:bundleLibRuntimeToJarDebug UP-TO-DATE
> Task :net:common:bundleLibRuntimeToJarDebug UP-TO-DATE
> Task :net:ssl:bundleLibRuntimeToJarFreeDebug UP-TO-DATE
> Task :parser:feed:bundleLibRuntimeToJarDebug UP-TO-DATE
> Task :parser:media:bundleLibRuntimeToJarDebug UP-TO-DATE
> Task :playback:base:bundleLibRuntimeToJarDebug UP-TO-DATE
> Task :playback:cast:bundleLibRuntimeToJarFreeDebug UP-TO-DATE
> Task :storage:database:bundleLibRuntimeToJarDebug UP-TO-DATE
> Task :storage:preferences:bundleLibRuntimeToJarDebug UP-TO-DATE
> Task :ui:app-start-intent:bundleLibRuntimeToJarDebug UP-TO-DATE
> Task :ui:common:bundleLibRuntimeToJarDebug UP-TO-DATE
> Task :ui:i18n:bundleLibRuntimeToJarDebug UP-TO-DATE
> Task :ui:png-icons:bundleLibRuntimeToJarDebug UP-TO-DATE
> Task :net:download:service-interface:bundleLibRuntimeToJarDebug UP-TO-DATE
> Task :net:sync:gpoddernet:bundleLibRuntimeToJarDebug UP-TO-DATE
> Task :net:sync:model:bundleLibRuntimeToJarDebug UP-TO-DATE
> Task :ui:glide:bundleLibRuntimeToJarFreeDebug UP-TO-DATE
> Task :ui:statistics:bundleLibRuntimeToJarFreeDebug UP-TO-DATE
> Task :app:dexBuilderFreeDebug
> Task :app:mergeLibDexFreeDebug UP-TO-DATE
> Task :app:mergeFreeDebugJniLibFolders UP-TO-DATE
> Task :core:mergeFreeDebugJniLibFolders UP-TO-DATE
> Task :core:mergeFreeDebugNativeLibs NO-SOURCE
> Task :core:copyFreeDebugJniLibsProjectOnly UP-TO-DATE
> Task :event:mergeDebugJniLibFolders UP-TO-DATE
> Task :event:mergeDebugNativeLibs NO-SOURCE
> Task :event:copyDebugJniLibsProjectOnly UP-TO-DATE
> Task :model:mergeDebugJniLibFolders UP-TO-DATE
> Task :model:mergeDebugNativeLibs NO-SOURCE
> Task :model:copyDebugJniLibsProjectOnly UP-TO-DATE
> Task :net:common:mergeDebugJniLibFolders UP-TO-DATE
> Task :net:common:mergeDebugNativeLibs NO-SOURCE
> Task :net:common:copyDebugJniLibsProjectOnly UP-TO-DATE
> Task :net:discovery:mergeFreeDebugJniLibFolders UP-TO-DATE
> Task :net:discovery:mergeFreeDebugNativeLibs NO-SOURCE
> Task :net:discovery:copyFreeDebugJniLibsProjectOnly UP-TO-DATE
> Task :net:ssl:mergeFreeDebugJniLibFolders UP-TO-DATE
> Task :net:ssl:mergeFreeDebugNativeLibs NO-SOURCE
> Task :net:ssl:copyFreeDebugJniLibsProjectOnly UP-TO-DATE
> Task :parser:feed:mergeDebugJniLibFolders UP-TO-DATE
> Task :parser:feed:mergeDebugNativeLibs NO-SOURCE
> Task :parser:feed:copyDebugJniLibsProjectOnly UP-TO-DATE
> Task :parser:media:mergeDebugJniLibFolders UP-TO-DATE
> Task :parser:media:mergeDebugNativeLibs NO-SOURCE
> Task :parser:media:copyDebugJniLibsProjectOnly UP-TO-DATE
> Task :playback:base:mergeDebugJniLibFolders UP-TO-DATE
> Task :playback:base:mergeDebugNativeLibs NO-SOURCE
> Task :playback:base:copyDebugJniLibsProjectOnly UP-TO-DATE
> Task :playback:cast:mergeFreeDebugJniLibFolders UP-TO-DATE
> Task :playback:cast:mergeFreeDebugNativeLibs NO-SOURCE
> Task :playback:cast:copyFreeDebugJniLibsProjectOnly UP-TO-DATE
> Task :storage:database:mergeDebugJniLibFolders UP-TO-DATE
> Task :storage:database:mergeDebugNativeLibs NO-SOURCE
> Task :storage:database:copyDebugJniLibsProjectOnly UP-TO-DATE
> Task :storage:preferences:mergeDebugJniLibFolders UP-TO-DATE
> Task :storage:preferences:mergeDebugNativeLibs NO-SOURCE
> Task :storage:preferences:copyDebugJniLibsProjectOnly UP-TO-DATE
> Task :ui:app-start-intent:mergeDebugJniLibFolders UP-TO-DATE
> Task :ui:app-start-intent:mergeDebugNativeLibs NO-SOURCE
> Task :ui:app-start-intent:copyDebugJniLibsProjectOnly UP-TO-DATE
> Task :ui:common:mergeDebugJniLibFolders UP-TO-DATE
> Task :ui:common:mergeDebugNativeLibs NO-SOURCE
> Task :ui:common:copyDebugJniLibsProjectOnly UP-TO-DATE
> Task :ui:glide:mergeFreeDebugJniLibFolders UP-TO-DATE
> Task :ui:glide:mergeFreeDebugNativeLibs NO-SOURCE
> Task :ui:glide:copyFreeDebugJniLibsProjectOnly UP-TO-DATE
> Task :ui:i18n:mergeDebugJniLibFolders UP-TO-DATE
> Task :ui:i18n:mergeDebugNativeLibs NO-SOURCE
> Task :ui:i18n:copyDebugJniLibsProjectOnly UP-TO-DATE
> Task :ui:png-icons:mergeDebugJniLibFolders UP-TO-DATE
> Task :ui:png-icons:mergeDebugNativeLibs NO-SOURCE
> Task :ui:png-icons:copyDebugJniLibsProjectOnly UP-TO-DATE
> Task :ui:statistics:mergeFreeDebugJniLibFolders UP-TO-DATE
> Task :ui:statistics:mergeFreeDebugNativeLibs NO-SOURCE
> Task :ui:statistics:copyFreeDebugJniLibsProjectOnly UP-TO-DATE
> Task :net:download:service-interface:mergeDebugJniLibFolders UP-TO-DATE
> Task :net:download:service-interface:mergeDebugNativeLibs NO-SOURCE
> Task :net:download:service-interface:copyDebugJniLibsProjectOnly UP-TO-DATE
> Task :net:sync:gpoddernet:mergeDebugJniLibFolders UP-TO-DATE
> Task :net:sync:gpoddernet:mergeDebugNativeLibs NO-SOURCE
> Task :net:sync:gpoddernet:copyDebugJniLibsProjectOnly UP-TO-DATE
> Task :net:sync:model:mergeDebugJniLibFolders UP-TO-DATE
> Task :net:sync:model:mergeDebugNativeLibs NO-SOURCE
> Task :net:sync:model:copyDebugJniLibsProjectOnly UP-TO-DATE
> Task :app:mergeFreeDebugNativeLibs UP-TO-DATE
> Task :app:stripFreeDebugDebugSymbols UP-TO-DATE
> Task :app:validateSigningFreeDebug UP-TO-DATE
> Task :app:writeFreeDebugAppMetadata UP-TO-DATE
> Task :app:writeFreeDebugSigningConfigVersions UP-TO-DATE
> Task :core:stripFreeDebugDebugSymbols NO-SOURCE
> Task :core:copyFreeDebugJniLibsProjectAndLocalJars UP-TO-DATE
> Task :core:extractDeepLinksForAarFreeDebug UP-TO-DATE
> Task :core:extractFreeDebugAnnotations UP-TO-DATE
> Task :core:mergeFreeDebugGeneratedProguardFiles UP-TO-DATE
> Task :core:mergeFreeDebugConsumerProguardFiles UP-TO-DATE
> Task :core:prepareFreeDebugArtProfile UP-TO-DATE
> Task :core:prepareLintJarForPublish UP-TO-DATE
> Task :core:mergeFreeDebugJavaResource UP-TO-DATE
> Task :core:syncFreeDebugLibJars UP-TO-DATE
> Task :core:bundleFreeDebugAar UP-TO-DATE
> Task :core:assembleFreeDebug UP-TO-DATE
> Task :net:discovery:stripFreeDebugDebugSymbols NO-SOURCE
> Task :net:discovery:copyFreeDebugJniLibsProjectAndLocalJars UP-TO-DATE
> Task :net:discovery:extractDeepLinksForAarFreeDebug UP-TO-DATE
> Task :net:discovery:extractFreeDebugAnnotations UP-TO-DATE
> Task :net:discovery:mergeFreeDebugGeneratedProguardFiles UP-TO-DATE
> Task :net:discovery:mergeFreeDebugConsumerProguardFiles UP-TO-DATE
> Task :net:discovery:prepareFreeDebugArtProfile UP-TO-DATE
> Task :net:discovery:prepareLintJarForPublish UP-TO-DATE
> Task :app:mergeProjectDexFreeDebug
> Task :net:discovery:mergeFreeDebugJavaResource UP-TO-DATE
> Task :net:discovery:syncFreeDebugLibJars UP-TO-DATE
> Task :net:discovery:bundleFreeDebugAar UP-TO-DATE
> Task :net:discovery:assembleFreeDebug UP-TO-DATE
> Task :net:ssl:stripFreeDebugDebugSymbols NO-SOURCE
> Task :net:ssl:copyFreeDebugJniLibsProjectAndLocalJars UP-TO-DATE
> Task :net:ssl:extractDeepLinksForAarFreeDebug UP-TO-DATE
> Task :net:ssl:extractFreeDebugAnnotations UP-TO-DATE
> Task :net:ssl:mergeFreeDebugGeneratedProguardFiles UP-TO-DATE
> Task :net:ssl:mergeFreeDebugConsumerProguardFiles UP-TO-DATE
> Task :net:ssl:prepareFreeDebugArtProfile UP-TO-DATE
> Task :net:ssl:prepareLintJarForPublish UP-TO-DATE
> Task :net:ssl:mergeFreeDebugJavaResource UP-TO-DATE
> Task :net:ssl:syncFreeDebugLibJars UP-TO-DATE
> Task :net:ssl:bundleFreeDebugAar UP-TO-DATE
> Task :net:ssl:assembleFreeDebug UP-TO-DATE
> Task :playback:cast:stripFreeDebugDebugSymbols NO-SOURCE
> Task :playback:cast:copyFreeDebugJniLibsProjectAndLocalJars UP-TO-DATE
> Task :playback:cast:extractDeepLinksForAarFreeDebug UP-TO-DATE
> Task :playback:cast:extractFreeDebugAnnotations UP-TO-DATE
> Task :playback:cast:mergeFreeDebugGeneratedProguardFiles UP-TO-DATE
> Task :playback:cast:mergeFreeDebugConsumerProguardFiles UP-TO-DATE
> Task :playback:cast:prepareFreeDebugArtProfile UP-TO-DATE
> Task :playback:cast:prepareLintJarForPublish UP-TO-DATE
> Task :playback:cast:mergeFreeDebugJavaResource UP-TO-DATE
> Task :playback:cast:syncFreeDebugLibJars UP-TO-DATE
> Task :playback:cast:bundleFreeDebugAar UP-TO-DATE
> Task :playback:cast:assembleFreeDebug UP-TO-DATE
> Task :ui:glide:stripFreeDebugDebugSymbols NO-SOURCE
> Task :ui:glide:copyFreeDebugJniLibsProjectAndLocalJars UP-TO-DATE
> Task :ui:glide:extractDeepLinksForAarFreeDebug UP-TO-DATE
> Task :ui:glide:extractFreeDebugAnnotations UP-TO-DATE
> Task :ui:glide:mergeFreeDebugGeneratedProguardFiles UP-TO-DATE
> Task :ui:glide:mergeFreeDebugConsumerProguardFiles UP-TO-DATE
> Task :ui:glide:prepareFreeDebugArtProfile UP-TO-DATE
> Task :ui:glide:prepareLintJarForPublish UP-TO-DATE
> Task :ui:glide:mergeFreeDebugJavaResource UP-TO-DATE
> Task :ui:glide:syncFreeDebugLibJars UP-TO-DATE
> Task :ui:glide:bundleFreeDebugAar UP-TO-DATE
> Task :ui:glide:assembleFreeDebug UP-TO-DATE
> Task :ui:statistics:stripFreeDebugDebugSymbols NO-SOURCE
> Task :ui:statistics:copyFreeDebugJniLibsProjectAndLocalJars UP-TO-DATE
> Task :ui:statistics:extractDeepLinksForAarFreeDebug UP-TO-DATE
> Task :ui:statistics:extractFreeDebugAnnotations UP-TO-DATE
> Task :ui:statistics:mergeFreeDebugGeneratedProguardFiles UP-TO-DATE
> Task :ui:statistics:mergeFreeDebugConsumerProguardFiles UP-TO-DATE
> Task :ui:statistics:prepareFreeDebugArtProfile UP-TO-DATE
> Task :ui:statistics:prepareLintJarForPublish UP-TO-DATE
> Task :ui:statistics:mergeFreeDebugJavaResource UP-TO-DATE
> Task :ui:statistics:syncFreeDebugLibJars UP-TO-DATE
> Task :ui:statistics:bundleFreeDebugAar UP-TO-DATE
> Task :ui:statistics:assembleFreeDebug UP-TO-DATE
> Task :app:packageFreeDebug
> Task :app:createFreeDebugApkListingFileRedirect UP-TO-DATE
> Task :app:assembleFreeDebug

Deprecated Gradle features were used in this build, making it incompatible with Gradle 9.0.

You can use '--warning-mode all' to show the individual deprecation warnings and determine if they come from your own scripts or plugins.

See https://docs.gradle.org/8.1.1/userguide/command_line_interface.html#sec:command_line_warnings

BUILD SUCCESSFUL in 2s
514 actionable tasks: 4 executed, 510 up-to-date
