BUILDING APP AND TEST APK
> Task :clean UP-TO-DATE
> Task :app:clean
> Task :app:preBuild UP-TO-DATE
> Task :app:preDebugBuild UP-TO-DATE
> Task :app:preReleaseBuild UP-TO-DATE
> Task :app:mergeDebugNativeDebugMetadata NO-SOURCE
> Task :app:compileDebugAidl NO-SOURCE
> Task :app:compileDebugRenderscript NO-SOURCE
> Task :app:generateDebugBuildConfig
> Task :app:extractDebugProto
> Task :app:extractIncludeDebugProto
> Task :app:extractProto
> Task :app:generateDebugProto
> Task :app:javaPreCompileDebug
> Task :app:generateDebugResValues
> Task :app:mapDebugSourceSetPaths
> Task :app:generateDebugResources
> Task :app:checkDebugAarMetadata

> Task :app:mergeDebugResources
/home/auri/feup/tools/Projects/android/Aegis-traditional/app/src/main/res/values-ro-rRO/strings.xml:229:4: Multiple substitutions specified in non-positional format of string resource string/analyzing_qr_multiple. Did you mean to add the formatted="false" attribute?
/home/auri/feup/tools/Projects/android/Aegis-traditional/app/src/main/res/values-ast-rES/strings.xml:222:4: Multiple substitutions specified in non-positional format of string resource string/analyzing_qr_multiple. Did you mean to add the formatted="false" attribute?
/home/auri/feup/tools/Projects/android/Aegis-traditional/app/src/main/res/values-ro-rRO/strings.xml:372:4: Multiple substitutions specified in non-positional format of string resource string/backup_error_dialog_details. Did you mean to add the formatted="false" attribute?
/home/auri/feup/tools/Projects/android/Aegis-traditional/app/src/main/res/values-ro-rRO/strings.xml:357:4: Multiple substitutions specified in non-positional format of string resource string/google_qr_export_unexpected. Did you mean to add the formatted="false" attribute?
/home/auri/feup/tools/Projects/android/Aegis-traditional/app/src/main/res/values-sv-rSE/strings.xml:226:4: Multiple substitutions specified in non-positional format of string resource string/analyzing_qr_multiple. Did you mean to add the formatted="false" attribute?
/home/auri/feup/tools/Projects/android/Aegis-traditional/app/src/main/res/values-ast-rES/strings.xml:347:4: Multiple substitutions specified in non-positional format of string resource string/google_qr_export_unexpected. Did you mean to add the formatted="false" attribute?
/home/auri/feup/tools/Projects/android/Aegis-traditional/app/src/main/res/values-pt-rPT/strings.xml:217:4: Multiple substitutions specified in non-positional format of string resource string/google_qr_export_unexpected. Did you mean to add the formatted="false" attribute?
/home/auri/feup/tools/Projects/android/Aegis-traditional/app/src/main/res/values-sv-rSE/strings.xml:359:4: Multiple substitutions specified in non-positional format of string resource string/backup_error_dialog_details. Did you mean to add the formatted="false" attribute?
/home/auri/feup/tools/Projects/android/Aegis-traditional/app/src/main/res/values-sv-rSE/strings.xml:352:4: Multiple substitutions specified in non-positional format of string resource string/google_qr_export_unexpected. Did you mean to add the formatted="false" attribute?
/home/auri/feup/tools/Projects/android/Aegis-traditional/app/src/main/res/values-ast-rES/strings.xml:367:4: Multiple substitutions specified in non-positional format of string resource string/unable_to_read_qrcode_files. Did you mean to add the formatted="false" attribute?
/home/auri/feup/tools/Projects/android/Aegis-traditional/app/src/main/res/values-ro-rRO/strings.xml:383:4: Multiple substitutions specified in non-positional format of string resource string/unable_to_read_qrcode_files. Did you mean to add the formatted="false" attribute?
/home/auri/feup/tools/Projects/android/Aegis-traditional/app/src/main/res/values-sv-rSE/strings.xml:378:4: Multiple substitutions specified in non-positional format of string resource string/unable_to_read_qrcode_files. Did you mean to add the formatted="false" attribute?
/home/auri/feup/tools/Projects/android/Aegis-traditional/app/src/main/res/values-hi-rIN/strings.xml:294:4: Multiple substitutions specified in non-positional format of string resource string/google_qr_export_unexpected. Did you mean to add the formatted="false" attribute?
/home/auri/feup/tools/Projects/android/Aegis-traditional/app/src/main/res/values-da-rDK/strings.xml:226:4: Multiple substitutions specified in non-positional format of string resource string/analyzing_qr_multiple. Did you mean to add the formatted="false" attribute?
/home/auri/feup/tools/Projects/android/Aegis-traditional/app/src/main/res/values-da-rDK/strings.xml:359:4: Multiple substitutions specified in non-positional format of string resource string/backup_error_dialog_details. Did you mean to add the formatted="false" attribute?
/home/auri/feup/tools/Projects/android/Aegis-traditional/app/src/main/res/values/strings.xml:238:4: Multiple substitutions specified in non-positional format of string resource string/analyzing_qr_multiple. Did you mean to add the formatted="false" attribute?
/home/auri/feup/tools/Projects/android/Aegis-traditional/app/src/main/res/values-bg-rBG/strings.xml:249:4: Multiple substitutions specified in non-positional format of string resource string/google_qr_export_unexpected. Did you mean to add the formatted="false" attribute?
/home/auri/feup/tools/Projects/android/Aegis-traditional/app/src/main/res/values-da-rDK/strings.xml:352:4: Multiple substitutions specified in non-positional format of string resource string/google_qr_export_unexpected. Did you mean to add the formatted="false" attribute?
/home/auri/feup/tools/Projects/android/Aegis-traditional/app/src/main/res/values-gl-rES/strings.xml:221:4: Multiple substitutions specified in non-positional format of string resource string/analyzing_qr_multiple. Did you mean to add the formatted="false" attribute?
/home/auri/feup/tools/Projects/android/Aegis-traditional/app/src/main/res/values-zh-rCN/strings.xml:220:4: Multiple substitutions specified in non-positional format of string resource string/analyzing_qr_multiple. Did you mean to add the formatted="false" attribute?
/home/auri/feup/tools/Projects/android/Aegis-traditional/app/src/main/res/values/strings.xml:377:4: Multiple substitutions specified in non-positional format of string resource string/backup_error_dialog_details. Did you mean to add the formatted="false" attribute?
/home/auri/feup/tools/Projects/android/Aegis-traditional/app/src/main/res/values-zh-rCN/strings.xml:356:4: Multiple substitutions specified in non-positional format of string resource string/backup_error_dialog_details. Did you mean to add the formatted="false" attribute?
/home/auri/feup/tools/Projects/android/Aegis-traditional/app/src/main/res/values-da-rDK/strings.xml:378:4: Multiple substitutions specified in non-positional format of string resource string/unable_to_read_qrcode_files. Did you mean to add the formatted="false" attribute?
/home/auri/feup/tools/Projects/android/Aegis-traditional/app/src/main/res/values-pt-rBR/strings.xml:226:4: Multiple substitutions specified in non-positional format of string resource string/analyzing_qr_multiple. Did you mean to add the formatted="false" attribute?
/home/auri/feup/tools/Projects/android/Aegis-traditional/app/src/main/res/values-pt-rBR/strings.xml:366:4: Multiple substitutions specified in non-positional format of string resource string/backup_error_dialog_details. Did you mean to add the formatted="false" attribute?
/home/auri/feup/tools/Projects/android/Aegis-traditional/app/src/main/res/values-gl-rES/strings.xml:354:4: Multiple substitutions specified in non-positional format of string resource string/backup_error_dialog_details. Did you mean to add the formatted="false" attribute?

> Task :app:createDebugCompatibleScreenManifests
> Task :app:extractDeepLinksDebug

> Task :app:processDebugMainManifest
/home/auri/feup/tools/Projects/android/Aegis-traditional/app/src/main/AndroidManifest.xml:19:5-146:19 Warning:
	application@android:theme was tagged at AndroidManifest.xml:19 to replace other declarations but no other declaration present

> Task :app:processDebugManifest
> Task :app:mergeDebugShaders
> Task :app:compileDebugShaders NO-SOURCE
> Task :app:generateDebugAssets UP-TO-DATE
> Task :app:mergeDebugAssets
> Task :app:compressDebugAssets
> Task :app:processDebugJavaRes NO-SOURCE
> Task :app:desugarDebugFileDependencies
> Task :app:mergeDebugJniLibFolders
> Task :app:validateSigningDebug
> Task :app:writeDebugAppMetadata
> Task :app:writeDebugSigningConfigVersions
> Task :app:compileReleaseAidl NO-SOURCE
> Task :app:compileReleaseRenderscript NO-SOURCE
> Task :app:generateReleaseBuildConfig
> Task :app:mergeDebugNativeLibs
> Task :app:checkDebugDuplicateClasses
> Task :app:extractIncludeReleaseProto
> Task :app:extractReleaseProto
> Task :app:mergeLibDexDebug

> Task :app:stripDebugDebugSymbols
Unable to strip the following libraries, packaging them as they are: libimage_processing_util_jni.so.

> Task :app:generateReleaseProto
> Task :app:generateReleaseResValues
> Task :app:checkReleaseAarMetadata
> Task :app:javaPreCompileRelease
> Task :app:mapReleaseSourceSetPaths
> Task :app:generateReleaseResources

> Task :app:mergeDebugResources
/home/auri/feup/tools/Projects/android/Aegis-traditional/app/src/main/res/values-lv-rLV/strings.xml:232:4: Multiple substitutions specified in non-positional format of string resource string/analyzing_qr_multiple. Did you mean to add the formatted="false" attribute?
/home/auri/feup/tools/Projects/android/Aegis-traditional/app/src/main/res/values-zh-rCN/strings.xml:343:4: Multiple substitutions specified in non-positional format of string resource string/google_qr_export_unexpected. Did you mean to add the formatted="false" attribute?
/home/auri/feup/tools/Projects/android/Aegis-traditional/app/src/main/res/values-gl-rES/strings.xml:347:4: Multiple substitutions specified in non-positional format of string resource string/google_qr_export_unexpected. Did you mean to add the formatted="false" attribute?
/home/auri/feup/tools/Projects/android/Aegis-traditional/app/src/main/res/values-lv-rLV/strings.xml:369:4: Multiple substitutions specified in non-positional format of string resource string/backup_error_dialog_details. Did you mean to add the formatted="false" attribute?
/home/auri/feup/tools/Projects/android/Aegis-traditional/app/src/main/res/values-lv-rLV/strings.xml:361:4: Multiple substitutions specified in non-positional format of string resource string/google_qr_export_unexpected. Did you mean to add the formatted="false" attribute?
/home/auri/feup/tools/Projects/android/Aegis-traditional/app/src/main/res/values-gl-rES/strings.xml:373:4: Multiple substitutions specified in non-positional format of string resource string/unable_to_read_qrcode_files. Did you mean to add the formatted="false" attribute?
/home/auri/feup/tools/Projects/android/Aegis-traditional/app/src/main/res/values-lv-rLV/strings.xml:388:4: Multiple substitutions specified in non-positional format of string resource string/unable_to_read_qrcode_files. Did you mean to add the formatted="false" attribute?
/home/auri/feup/tools/Projects/android/Aegis-traditional/app/src/main/res/values-zh-rCN/strings.xml:367:4: Multiple substitutions specified in non-positional format of string resource string/unable_to_read_qrcode_files. Did you mean to add the formatted="false" attribute?
/home/auri/feup/tools/Projects/android/Aegis-traditional/app/src/main/res/values-pt-rBR/strings.xml:352:4: Multiple substitutions specified in non-positional format of string resource string/google_qr_export_unexpected. Did you mean to add the formatted="false" attribute?
/home/auri/feup/tools/Projects/android/Aegis-traditional/app/src/main/res/values-pt-rBR/strings.xml:377:4: Multiple substitutions specified in non-positional format of string resource string/unable_to_read_qrcode_files. Did you mean to add the formatted="false" attribute?
/home/auri/feup/tools/Projects/android/Aegis-traditional/app/src/main/res/values/strings.xml:370:4: Multiple substitutions specified in non-positional format of string resource string/google_qr_export_unexpected. Did you mean to add the formatted="false" attribute?
/home/auri/feup/tools/Projects/android/Aegis-traditional/app/src/main/res/values-pl-rPL/strings.xml:238:4: Multiple substitutions specified in non-positional format of string resource string/analyzing_qr_multiple. Did you mean to add the formatted="false" attribute?
/home/auri/feup/tools/Projects/android/Aegis-traditional/app/src/main/res/values-pl-rPL/strings.xml:386:4: Multiple substitutions specified in non-positional format of string resource string/backup_error_dialog_details. Did you mean to add the formatted="false" attribute?
/home/auri/feup/tools/Projects/android/Aegis-traditional/app/src/main/res/values-pl-rPL/strings.xml:370:4: Multiple substitutions specified in non-positional format of string resource string/google_qr_export_unexpected. Did you mean to add the formatted="false" attribute?
/home/auri/feup/tools/Projects/android/Aegis-traditional/app/src/main/res/values-pl-rPL/strings.xml:397:4: Multiple substitutions specified in non-positional format of string resource string/unable_to_read_qrcode_files. Did you mean to add the formatted="false" attribute?
/home/auri/feup/tools/Projects/android/Aegis-traditional/app/src/main/res/values-ru-rRU/strings.xml:238:4: Multiple substitutions specified in non-positional format of string resource string/analyzing_qr_multiple. Did you mean to add the formatted="false" attribute?
/home/auri/feup/tools/Projects/android/Aegis-traditional/app/src/main/res/values-ru-rRU/strings.xml:379:4: Multiple substitutions specified in non-positional format of string resource string/backup_error_dialog_details. Did you mean to add the formatted="false" attribute?
/home/auri/feup/tools/Projects/android/Aegis-traditional/app/src/main/res/values-zh-rTW/strings.xml:303:4: Multiple substitutions specified in non-positional format of string resource string/google_qr_export_unexpected. Did you mean to add the formatted="false" attribute?
/home/auri/feup/tools/Projects/android/Aegis-traditional/app/src/main/res/values-ru-rRU/strings.xml:370:4: Multiple substitutions specified in non-positional format of string resource string/google_qr_export_unexpected. Did you mean to add the formatted="false" attribute?
/home/auri/feup/tools/Projects/android/Aegis-traditional/app/src/main/res/values/strings.xml:425:4: Multiple substitutions specified in non-positional format of string resource string/unable_to_read_qrcode_files. Did you mean to add the formatted="false" attribute?
/home/auri/feup/tools/Projects/android/Aegis-traditional/app/src/main/res/values-ru-rRU/strings.xml:398:4: Multiple substitutions specified in non-positional format of string resource string/unable_to_read_qrcode_files. Did you mean to add the formatted="false" attribute?
/home/auri/feup/tools/Projects/android/Aegis-traditional/app/src/main/res/values-vi-rVN/strings.xml:201:4: Multiple substitutions specified in non-positional format of string resource string/analyzing_qr_multiple. Did you mean to add the formatted="false" attribute?
/home/auri/feup/tools/Projects/android/Aegis-traditional/app/src/main/res/values-vi-rVN/strings.xml:303:4: Multiple substitutions specified in non-positional format of string resource string/google_qr_export_unexpected. Did you mean to add the formatted="false" attribute?
/home/auri/feup/tools/Projects/android/Aegis-traditional/app/src/main/res/values-eu-rES/strings.xml:221:4: Multiple substitutions specified in non-positional format of string resource string/analyzing_qr_multiple. Did you mean to add the formatted="false" attribute?
/home/auri/feup/tools/Projects/android/Aegis-traditional/app/src/main/res/values-eu-rES/strings.xml:360:4: Multiple substitutions specified in non-positional format of string resource string/backup_error_dialog_details. Did you mean to add the formatted="false" attribute?
/home/auri/feup/tools/Projects/android/Aegis-traditional/app/src/main/res/values-hu-rHU/strings.xml:178:4: Multiple substitutions specified in non-positional format of string resource string/analyzing_qr_multiple. Did you mean to add the formatted="false" attribute?
/home/auri/feup/tools/Projects/android/Aegis-traditional/app/src/main/res/values-eu-rES/strings.xml:347:4: Multiple substitutions specified in non-positional format of string resource string/google_qr_export_unexpected. Did you mean to add the formatted="false" attribute?
/home/auri/feup/tools/Projects/android/Aegis-traditional/app/src/main/res/values-hu-rHU/strings.xml:274:4: Multiple substitutions specified in non-positional format of string resource string/google_qr_export_unexpected. Did you mean to add the formatted="false" attribute?
/home/auri/feup/tools/Projects/android/Aegis-traditional/app/src/main/res/values-ca-rES/strings.xml:221:4: Multiple substitutions specified in non-positional format of string resource string/analyzing_qr_multiple. Did you mean to add the formatted="false" attribute?
/home/auri/feup/tools/Projects/android/Aegis-traditional/app/src/main/res/values-ca-rES/strings.xml:354:4: Multiple substitutions specified in non-positional format of string resource string/backup_error_dialog_details. Did you mean to add the formatted="false" attribute?
/home/auri/feup/tools/Projects/android/Aegis-traditional/app/src/main/res/values-ca-rES/strings.xml:347:4: Multiple substitutions specified in non-positional format of string resource string/google_qr_export_unexpected. Did you mean to add the formatted="false" attribute?
/home/auri/feup/tools/Projects/android/Aegis-traditional/app/src/main/res/values-eu-rES/strings.xml:371:4: Multiple substitutions specified in non-positional format of string resource string/unable_to_read_qrcode_files. Did you mean to add the formatted="false" attribute?
/home/auri/feup/tools/Projects/android/Aegis-traditional/app/src/main/res/values-ca-rES/strings.xml:371:4: Multiple substitutions specified in non-positional format of string resource string/unable_to_read_qrcode_files. Did you mean to add the formatted="false" attribute?
/home/auri/feup/tools/Projects/android/Aegis-traditional/app/src/main/res/values-el-rGR/strings.xml:226:4: Multiple substitutions specified in non-positional format of string resource string/analyzing_qr_multiple. Did you mean to add the formatted="false" attribute?
/home/auri/feup/tools/Projects/android/Aegis-traditional/app/src/main/res/values-el-rGR/strings.xml:359:4: Multiple substitutions specified in non-positional format of string resource string/backup_error_dialog_details. Did you mean to add the formatted="false" attribute?
/home/auri/feup/tools/Projects/android/Aegis-traditional/app/src/main/res/values-cs-rCZ/strings.xml:238:4: Multiple substitutions specified in non-positional format of string resource string/analyzing_qr_multiple. Did you mean to add the formatted="false" attribute?
/home/auri/feup/tools/Projects/android/Aegis-traditional/app/src/main/res/values-el-rGR/strings.xml:352:4: Multiple substitutions specified in non-positional format of string resource string/google_qr_export_unexpected. Did you mean to add the formatted="false" attribute?
/home/auri/feup/tools/Projects/android/Aegis-traditional/app/src/main/res/values-cs-rCZ/strings.xml:379:4: Multiple substitutions specified in non-positional format of string resource string/backup_error_dialog_details. Did you mean to add the formatted="false" attribute?
/home/auri/feup/tools/Projects/android/Aegis-traditional/app/src/main/res/values-cs-rCZ/strings.xml:370:4: Multiple substitutions specified in non-positional format of string resource string/google_qr_export_unexpected. Did you mean to add the formatted="false" attribute?
/home/auri/feup/tools/Projects/android/Aegis-traditional/app/src/main/res/values-cs-rCZ/strings.xml:398:4: Multiple substitutions specified in non-positional format of string resource string/unable_to_read_qrcode_files. Did you mean to add the formatted="false" attribute?
/home/auri/feup/tools/Projects/android/Aegis-traditional/app/src/main/res/values-el-rGR/strings.xml:377:4: Multiple substitutions specified in non-positional format of string resource string/unable_to_read_qrcode_files. Did you mean to add the formatted="false" attribute?
/home/auri/feup/tools/Projects/android/Aegis-traditional/app/src/main/res/values-ja-rJP/strings.xml:220:4: Multiple substitutions specified in non-positional format of string resource string/analyzing_qr_multiple. Did you mean to add the formatted="false" attribute?
/home/auri/feup/tools/Projects/android/Aegis-traditional/app/src/main/res/values-ja-rJP/strings.xml:344:4: Multiple substitutions specified in non-positional format of string resource string/google_qr_export_unexpected. Did you mean to add the formatted="false" attribute?
/home/auri/feup/tools/Projects/android/Aegis-traditional/app/src/main/res/values-ja-rJP/strings.xml:367:4: Multiple substitutions specified in non-positional format of string resource string/unable_to_read_qrcode_files. Did you mean to add the formatted="false" attribute?
/home/auri/feup/tools/Projects/android/Aegis-traditional/app/src/main/res/values-iw-rIL/strings.xml:227:4: Multiple substitutions specified in non-positional format of string resource string/analyzing_qr_multiple. Did you mean to add the formatted="false" attribute?
/home/auri/feup/tools/Projects/android/Aegis-traditional/app/src/main/res/values-iw-rIL/strings.xml:344:4: Multiple substitutions specified in non-positional format of string resource string/backup_error_dialog_details. Did you mean to add the formatted="false" attribute?
/home/auri/feup/tools/Projects/android/Aegis-traditional/app/src/main/res/values-iw-rIL/strings.xml:341:4: Multiple substitutions specified in non-positional format of string resource string/google_qr_export_unexpected. Did you mean to add the formatted="false" attribute?
/home/auri/feup/tools/Projects/android/Aegis-traditional/app/src/main/res/values-iw-rIL/strings.xml:363:4: Multiple substitutions specified in non-positional format of string resource string/unable_to_read_qrcode_files. Did you mean to add the formatted="false" attribute?
/home/auri/feup/tools/Projects/android/Aegis-traditional/app/src/main/res/values-ar-rSA/strings.xml:337:4: Multiple substitutions specified in non-positional format of string resource string/google_qr_export_unexpected. Did you mean to add the formatted="false" attribute?
/home/auri/feup/tools/Projects/android/Aegis-traditional/app/src/main/res/values-ar-rSA/strings.xml:363:4: Multiple substitutions specified in non-positional format of string resource string/unable_to_read_qrcode_files. Did you mean to add the formatted="false" attribute?
/home/auri/feup/tools/Projects/android/Aegis-traditional/app/src/main/res/values-uk-rUA/strings.xml:231:4: Multiple substitutions specified in non-positional format of string resource string/analyzing_qr_multiple. Did you mean to add the formatted="false" attribute?
/home/auri/feup/tools/Projects/android/Aegis-traditional/app/src/main/res/values-uk-rUA/strings.xml:372:4: Multiple substitutions specified in non-positional format of string resource string/backup_error_dialog_details. Did you mean to add the formatted="false" attribute?
/home/auri/feup/tools/Projects/android/Aegis-traditional/app/src/main/res/values-uk-rUA/strings.xml:363:4: Multiple substitutions specified in non-positional format of string resource string/google_qr_export_unexpected. Did you mean to add the formatted="false" attribute?
/home/auri/feup/tools/Projects/android/Aegis-traditional/app/src/main/res/values-uk-rUA/strings.xml:391:4: Multiple substitutions specified in non-positional format of string resource string/unable_to_read_qrcode_files. Did you mean to add the formatted="false" attribute?
/home/auri/feup/tools/Projects/android/Aegis-traditional/app/src/main/res/values-lt-rLT/strings.xml:162:4: Multiple substitutions specified in non-positional format of string resource string/analyzing_qr_multiple. Did you mean to add the formatted="false" attribute?
/home/auri/feup/tools/Projects/android/Aegis-traditional/app/src/main/res/values-lt-rLT/strings.xml:256:4: Multiple substitutions specified in non-positional format of string resource string/google_qr_export_unexpected. Did you mean to add the formatted="false" attribute?
/home/auri/feup/tools/Projects/android/Aegis-traditional/app/src/main/res/values-es-rES/strings.xml:226:4: Multiple substitutions specified in non-positional format of string resource string/analyzing_qr_multiple. Did you mean to add the formatted="false" attribute?
/home/auri/feup/tools/Projects/android/Aegis-traditional/app/src/main/res/values-es-rES/strings.xml:359:4: Multiple substitutions specified in non-positional format of string resource string/backup_error_dialog_details. Did you mean to add the formatted="false" attribute?
/home/auri/feup/tools/Projects/android/Aegis-traditional/app/src/main/res/values-es-rES/strings.xml:352:4: Multiple substitutions specified in non-positional format of string resource string/google_qr_export_unexpected. Did you mean to add the formatted="false" attribute?
/home/auri/feup/tools/Projects/android/Aegis-traditional/app/src/main/res/values-es-rES/strings.xml:378:4: Multiple substitutions specified in non-positional format of string resource string/unable_to_read_qrcode_files. Did you mean to add the formatted="false" attribute?
/home/auri/feup/tools/Projects/android/Aegis-traditional/app/src/main/res/values-in-rID/strings.xml:194:4: Multiple substitutions specified in non-positional format of string resource string/analyzing_qr_multiple. Did you mean to add the formatted="false" attribute?
/home/auri/feup/tools/Projects/android/Aegis-traditional/app/src/main/res/values-in-rID/strings.xml:297:4: Multiple substitutions specified in non-positional format of string resource string/google_qr_export_unexpected. Did you mean to add the formatted="false" attribute?
/home/auri/feup/tools/Projects/android/Aegis-traditional/app/src/main/res/values-in-rID/strings.xml:314:4: Multiple substitutions specified in non-positional format of string resource string/unable_to_read_qrcode_files. Did you mean to add the formatted="false" attribute?
/home/auri/feup/tools/Projects/android/Aegis-traditional/app/src/main/res/values-fi-rFI/strings.xml:224:4: Multiple substitutions specified in non-positional format of string resource string/analyzing_qr_multiple. Did you mean to add the formatted="false" attribute?
/home/auri/feup/tools/Projects/android/Aegis-traditional/app/src/main/res/values-fi-rFI/strings.xml:349:4: Multiple substitutions specified in non-positional format of string resource string/google_qr_export_unexpected. Did you mean to add the formatted="false" attribute?
/home/auri/feup/tools/Projects/android/Aegis-traditional/app/src/main/res/values-fi-rFI/strings.xml:372:4: Multiple substitutions specified in non-positional format of string resource string/unable_to_read_qrcode_files. Did you mean to add the formatted="false" attribute?
/home/auri/feup/tools/Projects/android/Aegis-traditional/app/src/main/res/values-fr-rFR/strings.xml:226:4: Multiple substitutions specified in non-positional format of string resource string/analyzing_qr_multiple. Did you mean to add the formatted="false" attribute?
/home/auri/feup/tools/Projects/android/Aegis-traditional/app/src/main/res/values-fr-rFR/strings.xml:366:4: Multiple substitutions specified in non-positional format of string resource string/backup_error_dialog_details. Did you mean to add the formatted="false" attribute?
/home/auri/feup/tools/Projects/android/Aegis-traditional/app/src/main/res/values-fr-rFR/strings.xml:352:4: Multiple substitutions specified in non-positional format of string resource string/google_qr_export_unexpected. Did you mean to add the formatted="false" attribute?
/home/auri/feup/tools/Projects/android/Aegis-traditional/app/src/main/res/values-fr-rFR/strings.xml:377:4: Multiple substitutions specified in non-positional format of string resource string/unable_to_read_qrcode_files. Did you mean to add the formatted="false" attribute?
/home/auri/feup/tools/Projects/android/Aegis-traditional/app/src/main/res/values-de-rDE/strings.xml:226:4: Multiple substitutions specified in non-positional format of string resource string/analyzing_qr_multiple. Did you mean to add the formatted="false" attribute?
/home/auri/feup/tools/Projects/android/Aegis-traditional/app/src/main/res/values-de-rDE/strings.xml:359:4: Multiple substitutions specified in non-positional format of string resource string/backup_error_dialog_details. Did you mean to add the formatted="false" attribute?
/home/auri/feup/tools/Projects/android/Aegis-traditional/app/src/main/res/values-de-rDE/strings.xml:352:4: Multiple substitutions specified in non-positional format of string resource string/google_qr_export_unexpected. Did you mean to add the formatted="false" attribute?
/home/auri/feup/tools/Projects/android/Aegis-traditional/app/src/main/res/values-de-rDE/strings.xml:378:4: Multiple substitutions specified in non-positional format of string resource string/unable_to_read_qrcode_files. Did you mean to add the formatted="false" attribute?
/home/auri/feup/tools/Projects/android/Aegis-traditional/app/src/main/res/values-fa-rIR/strings.xml:262:4: Multiple substitutions specified in non-positional format of string resource string/google_qr_export_unexpected. Did you mean to add the formatted="false" attribute?
/home/auri/feup/tools/Projects/android/Aegis-traditional/app/src/main/res/values-nl-rNL/strings.xml:226:4: Multiple substitutions specified in non-positional format of string resource string/analyzing_qr_multiple. Did you mean to add the formatted="false" attribute?
/home/auri/feup/tools/Projects/android/Aegis-traditional/app/src/main/res/values-nl-rNL/strings.xml:359:4: Multiple substitutions specified in non-positional format of string resource string/backup_error_dialog_details. Did you mean to add the formatted="false" attribute?
/home/auri/feup/tools/Projects/android/Aegis-traditional/app/src/main/res/values-nl-rNL/strings.xml:352:4: Multiple substitutions specified in non-positional format of string resource string/google_qr_export_unexpected. Did you mean to add the formatted="false" attribute?
/home/auri/feup/tools/Projects/android/Aegis-traditional/app/src/main/res/values-nl-rNL/strings.xml:378:4: Multiple substitutions specified in non-positional format of string resource string/unable_to_read_qrcode_files. Did you mean to add the formatted="false" attribute?
/home/auri/feup/tools/Projects/android/Aegis-traditional/app/src/main/res/values-it-rIT/strings.xml:226:4: Multiple substitutions specified in non-positional format of string resource string/analyzing_qr_multiple. Did you mean to add the formatted="false" attribute?
/home/auri/feup/tools/Projects/android/Aegis-traditional/app/src/main/res/values-it-rIT/strings.xml:359:4: Multiple substitutions specified in non-positional format of string resource string/backup_error_dialog_details. Did you mean to add the formatted="false" attribute?
/home/auri/feup/tools/Projects/android/Aegis-traditional/app/src/main/res/values-it-rIT/strings.xml:352:4: Multiple substitutions specified in non-positional format of string resource string/google_qr_export_unexpected. Did you mean to add the formatted="false" attribute?
/home/auri/feup/tools/Projects/android/Aegis-traditional/app/src/main/res/values-it-rIT/strings.xml:378:4: Multiple substitutions specified in non-positional format of string resource string/unable_to_read_qrcode_files. Did you mean to add the formatted="false" attribute?
/home/auri/feup/tools/Projects/android/Aegis-traditional/app/src/main/res/values-tr-rTR/strings.xml:226:4: Multiple substitutions specified in non-positional format of string resource string/analyzing_qr_multiple. Did you mean to add the formatted="false" attribute?
/home/auri/feup/tools/Projects/android/Aegis-traditional/app/src/main/res/values-tr-rTR/strings.xml:359:4: Multiple substitutions specified in non-positional format of string resource string/backup_error_dialog_details. Did you mean to add the formatted="false" attribute?
/home/auri/feup/tools/Projects/android/Aegis-traditional/app/src/main/res/values-tr-rTR/strings.xml:352:4: Multiple substitutions specified in non-positional format of string resource string/google_qr_export_unexpected. Did you mean to add the formatted="false" attribute?
/home/auri/feup/tools/Projects/android/Aegis-traditional/app/src/main/res/values-tr-rTR/strings.xml:378:4: Multiple substitutions specified in non-positional format of string resource string/unable_to_read_qrcode_files. Did you mean to add the formatted="false" attribute?

> Task :app:mergeReleaseResources
/home/auri/feup/tools/Projects/android/Aegis-traditional/app/src/main/res/values-ro-rRO/strings.xml:229:4: Multiple substitutions specified in non-positional format of string resource string/analyzing_qr_multiple. Did you mean to add the formatted="false" attribute?
/home/auri/feup/tools/Projects/android/Aegis-traditional/app/src/main/res/values-ro-rRO/strings.xml:372:4: Multiple substitutions specified in non-positional format of string resource string/backup_error_dialog_details. Did you mean to add the formatted="false" attribute?
/home/auri/feup/tools/Projects/android/Aegis-traditional/app/src/main/res/values-ro-rRO/strings.xml:357:4: Multiple substitutions specified in non-positional format of string resource string/google_qr_export_unexpected. Did you mean to add the formatted="false" attribute?
/home/auri/feup/tools/Projects/android/Aegis-traditional/app/src/main/res/values-ro-rRO/strings.xml:383:4: Multiple substitutions specified in non-positional format of string resource string/unable_to_read_qrcode_files. Did you mean to add the formatted="false" attribute?
/home/auri/feup/tools/Projects/android/Aegis-traditional/app/src/main/res/values-gl-rES/strings.xml:221:4: Multiple substitutions specified in non-positional format of string resource string/analyzing_qr_multiple. Did you mean to add the formatted="false" attribute?
/home/auri/feup/tools/Projects/android/Aegis-traditional/app/src/main/res/values-gl-rES/strings.xml:354:4: Multiple substitutions specified in non-positional format of string resource string/backup_error_dialog_details. Did you mean to add the formatted="false" attribute?
/home/auri/feup/tools/Projects/android/Aegis-traditional/app/src/main/res/values-gl-rES/strings.xml:347:4: Multiple substitutions specified in non-positional format of string resource string/google_qr_export_unexpected. Did you mean to add the formatted="false" attribute?
/home/auri/feup/tools/Projects/android/Aegis-traditional/app/src/main/res/values-gl-rES/strings.xml:373:4: Multiple substitutions specified in non-positional format of string resource string/unable_to_read_qrcode_files. Did you mean to add the formatted="false" attribute?
/home/auri/feup/tools/Projects/android/Aegis-traditional/app/src/main/res/values/strings.xml:238:4: Multiple substitutions specified in non-positional format of string resource string/analyzing_qr_multiple. Did you mean to add the formatted="false" attribute?
/home/auri/feup/tools/Projects/android/Aegis-traditional/app/src/main/res/values/strings.xml:377:4: Multiple substitutions specified in non-positional format of string resource string/backup_error_dialog_details. Did you mean to add the formatted="false" attribute?
/home/auri/feup/tools/Projects/android/Aegis-traditional/app/src/main/res/values-pt-rBR/strings.xml:226:4: Multiple substitutions specified in non-positional format of string resource string/analyzing_qr_multiple. Did you mean to add the formatted="false" attribute?
/home/auri/feup/tools/Projects/android/Aegis-traditional/app/src/main/res/values-pt-rBR/strings.xml:366:4: Multiple substitutions specified in non-positional format of string resource string/backup_error_dialog_details. Did you mean to add the formatted="false" attribute?
/home/auri/feup/tools/Projects/android/Aegis-traditional/app/src/main/res/values-pt-rBR/strings.xml:352:4: Multiple substitutions specified in non-positional format of string resource string/google_qr_export_unexpected. Did you mean to add the formatted="false" attribute?
/home/auri/feup/tools/Projects/android/Aegis-traditional/app/src/main/res/values/strings.xml:370:4: Multiple substitutions specified in non-positional format of string resource string/google_qr_export_unexpected. Did you mean to add the formatted="false" attribute?
/home/auri/feup/tools/Projects/android/Aegis-traditional/app/src/main/res/values-pt-rBR/strings.xml:377:4: Multiple substitutions specified in non-positional format of string resource string/unable_to_read_qrcode_files. Did you mean to add the formatted="false" attribute?
/home/auri/feup/tools/Projects/android/Aegis-traditional/app/src/main/res/values-pt-rPT/strings.xml:217:4: Multiple substitutions specified in non-positional format of string resource string/google_qr_export_unexpected. Did you mean to add the formatted="false" attribute?
/home/auri/feup/tools/Projects/android/Aegis-traditional/app/src/main/res/values-ast-rES/strings.xml:222:4: Multiple substitutions specified in non-positional format of string resource string/analyzing_qr_multiple. Did you mean to add the formatted="false" attribute?
/home/auri/feup/tools/Projects/android/Aegis-traditional/app/src/main/res/values-pl-rPL/strings.xml:238:4: Multiple substitutions specified in non-positional format of string resource string/analyzing_qr_multiple. Did you mean to add the formatted="false" attribute?
/home/auri/feup/tools/Projects/android/Aegis-traditional/app/src/main/res/values-pl-rPL/strings.xml:386:4: Multiple substitutions specified in non-positional format of string resource string/backup_error_dialog_details. Did you mean to add the formatted="false" attribute?
/home/auri/feup/tools/Projects/android/Aegis-traditional/app/src/main/res/values-ast-rES/strings.xml:347:4: Multiple substitutions specified in non-positional format of string resource string/google_qr_export_unexpected. Did you mean to add the formatted="false" attribute?
/home/auri/feup/tools/Projects/android/Aegis-traditional/app/src/main/res/values-pl-rPL/strings.xml:370:4: Multiple substitutions specified in non-positional format of string resource string/google_qr_export_unexpected. Did you mean to add the formatted="false" attribute?
/home/auri/feup/tools/Projects/android/Aegis-traditional/app/src/main/res/values-ast-rES/strings.xml:367:4: Multiple substitutions specified in non-positional format of string resource string/unable_to_read_qrcode_files. Did you mean to add the formatted="false" attribute?
/home/auri/feup/tools/Projects/android/Aegis-traditional/app/src/main/res/values-pl-rPL/strings.xml:397:4: Multiple substitutions specified in non-positional format of string resource string/unable_to_read_qrcode_files. Did you mean to add the formatted="false" attribute?
/home/auri/feup/tools/Projects/android/Aegis-traditional/app/src/main/res/values/strings.xml:425:4: Multiple substitutions specified in non-positional format of string resource string/unable_to_read_qrcode_files. Did you mean to add the formatted="false" attribute?
/home/auri/feup/tools/Projects/android/Aegis-traditional/app/src/main/res/values-eu-rES/strings.xml:221:4: Multiple substitutions specified in non-positional format of string resource string/analyzing_qr_multiple. Did you mean to add the formatted="false" attribute?
/home/auri/feup/tools/Projects/android/Aegis-traditional/app/src/main/res/values-eu-rES/strings.xml:360:4: Multiple substitutions specified in non-positional format of string resource string/backup_error_dialog_details. Did you mean to add the formatted="false" attribute?
/home/auri/feup/tools/Projects/android/Aegis-traditional/app/src/main/res/values-eu-rES/strings.xml:347:4: Multiple substitutions specified in non-positional format of string resource string/google_qr_export_unexpected. Did you mean to add the formatted="false" attribute?
/home/auri/feup/tools/Projects/android/Aegis-traditional/app/src/main/res/values-eu-rES/strings.xml:371:4: Multiple substitutions specified in non-positional format of string resource string/unable_to_read_qrcode_files. Did you mean to add the formatted="false" attribute?
/home/auri/feup/tools/Projects/android/Aegis-traditional/app/src/main/res/values-bg-rBG/strings.xml:249:4: Multiple substitutions specified in non-positional format of string resource string/google_qr_export_unexpected. Did you mean to add the formatted="false" attribute?
/home/auri/feup/tools/Projects/android/Aegis-traditional/app/src/main/res/values-lv-rLV/strings.xml:232:4: Multiple substitutions specified in non-positional format of string resource string/analyzing_qr_multiple. Did you mean to add the formatted="false" attribute?
/home/auri/feup/tools/Projects/android/Aegis-traditional/app/src/main/res/values-lv-rLV/strings.xml:369:4: Multiple substitutions specified in non-positional format of string resource string/backup_error_dialog_details. Did you mean to add the formatted="false" attribute?
/home/auri/feup/tools/Projects/android/Aegis-traditional/app/src/main/res/values-lv-rLV/strings.xml:361:4: Multiple substitutions specified in non-positional format of string resource string/google_qr_export_unexpected. Did you mean to add the formatted="false" attribute?
/home/auri/feup/tools/Projects/android/Aegis-traditional/app/src/main/res/values-lv-rLV/strings.xml:388:4: Multiple substitutions specified in non-positional format of string resource string/unable_to_read_qrcode_files. Did you mean to add the formatted="false" attribute?
/home/auri/feup/tools/Projects/android/Aegis-traditional/app/src/main/res/values-zh-rCN/strings.xml:220:4: Multiple substitutions specified in non-positional format of string resource string/analyzing_qr_multiple. Did you mean to add the formatted="false" attribute?
/home/auri/feup/tools/Projects/android/Aegis-traditional/app/src/main/res/values-zh-rCN/strings.xml:356:4: Multiple substitutions specified in non-positional format of string resource string/backup_error_dialog_details. Did you mean to add the formatted="false" attribute?
/home/auri/feup/tools/Projects/android/Aegis-traditional/app/src/main/res/values-zh-rCN/strings.xml:343:4: Multiple substitutions specified in non-positional format of string resource string/google_qr_export_unexpected. Did you mean to add the formatted="false" attribute?
/home/auri/feup/tools/Projects/android/Aegis-traditional/app/src/main/res/values-zh-rTW/strings.xml:303:4: Multiple substitutions specified in non-positional format of string resource string/google_qr_export_unexpected. Did you mean to add the formatted="false" attribute?
/home/auri/feup/tools/Projects/android/Aegis-traditional/app/src/main/res/values-zh-rCN/strings.xml:367:4: Multiple substitutions specified in non-positional format of string resource string/unable_to_read_qrcode_files. Did you mean to add the formatted="false" attribute?
/home/auri/feup/tools/Projects/android/Aegis-traditional/app/src/main/res/values-hu-rHU/strings.xml:178:4: Multiple substitutions specified in non-positional format of string resource string/analyzing_qr_multiple. Did you mean to add the formatted="false" attribute?
/home/auri/feup/tools/Projects/android/Aegis-traditional/app/src/main/res/values-hu-rHU/strings.xml:274:4: Multiple substitutions specified in non-positional format of string resource string/google_qr_export_unexpected. Did you mean to add the formatted="false" attribute?
/home/auri/feup/tools/Projects/android/Aegis-traditional/app/src/main/res/values-el-rGR/strings.xml:226:4: Multiple substitutions specified in non-positional format of string resource string/analyzing_qr_multiple. Did you mean to add the formatted="false" attribute?
/home/auri/feup/tools/Projects/android/Aegis-traditional/app/src/main/res/values-el-rGR/strings.xml:359:4: Multiple substitutions specified in non-positional format of string resource string/backup_error_dialog_details. Did you mean to add the formatted="false" attribute?
/home/auri/feup/tools/Projects/android/Aegis-traditional/app/src/main/res/values-el-rGR/strings.xml:352:4: Multiple substitutions specified in non-positional format of string resource string/google_qr_export_unexpected. Did you mean to add the formatted="false" attribute?
/home/auri/feup/tools/Projects/android/Aegis-traditional/app/src/main/res/values-el-rGR/strings.xml:377:4: Multiple substitutions specified in non-positional format of string resource string/unable_to_read_qrcode_files. Did you mean to add the formatted="false" attribute?
/home/auri/feup/tools/Projects/android/Aegis-traditional/app/src/main/res/values-sv-rSE/strings.xml:226:4: Multiple substitutions specified in non-positional format of string resource string/analyzing_qr_multiple. Did you mean to add the formatted="false" attribute?
/home/auri/feup/tools/Projects/android/Aegis-traditional/app/src/main/res/values-sv-rSE/strings.xml:359:4: Multiple substitutions specified in non-positional format of string resource string/backup_error_dialog_details. Did you mean to add the formatted="false" attribute?
/home/auri/feup/tools/Projects/android/Aegis-traditional/app/src/main/res/values-sv-rSE/strings.xml:352:4: Multiple substitutions specified in non-positional format of string resource string/google_qr_export_unexpected. Did you mean to add the formatted="false" attribute?
/home/auri/feup/tools/Projects/android/Aegis-traditional/app/src/main/res/values-hi-rIN/strings.xml:294:4: Multiple substitutions specified in non-positional format of string resource string/google_qr_export_unexpected. Did you mean to add the formatted="false" attribute?
/home/auri/feup/tools/Projects/android/Aegis-traditional/app/src/main/res/values-sv-rSE/strings.xml:378:4: Multiple substitutions specified in non-positional format of string resource string/unable_to_read_qrcode_files. Did you mean to add the formatted="false" attribute?

> Task :app:createReleaseCompatibleScreenManifests
> Task :app:extractDeepLinksRelease

> Task :app:processReleaseMainManifest
/home/auri/feup/tools/Projects/android/Aegis-traditional/app/src/main/AndroidManifest.xml:19:5-146:19 Warning:
	application@android:theme was tagged at AndroidManifest.xml:19 to replace other declarations but no other declaration present

> Task :app:processReleaseManifest
> Task :app:extractProguardFiles
> Task :app:mergeReleaseJniLibFolders
> Task :app:processDebugManifestForPackage
> Task :app:mergeReleaseNativeLibs
> Task :app:processReleaseJavaRes NO-SOURCE

> Task :app:stripReleaseDebugSymbols
Unable to strip the following libraries, packaging them as they are: libimage_processing_util_jni.so.

> Task :app:processReleaseManifestForPackage
> Task :app:extractReleaseNativeSymbolTables
> Task :app:mergeReleaseShaders
> Task :app:mergeReleaseNativeDebugMetadata NO-SOURCE
> Task :app:compileReleaseShaders NO-SOURCE
> Task :app:generateReleaseAssets UP-TO-DATE
> Task :app:checkReleaseDuplicateClasses
> Task :app:mergeReleaseAssets
> Task :app:processApplicationManifestReleaseForBundle
> Task :app:compressReleaseAssets
> Task :app:collectReleaseDependencies

> Task :app:mergeReleaseResources
/home/auri/feup/tools/Projects/android/Aegis-traditional/app/src/main/res/values-da-rDK/strings.xml:226:4: Multiple substitutions specified in non-positional format of string resource string/analyzing_qr_multiple. Did you mean to add the formatted="false" attribute?
/home/auri/feup/tools/Projects/android/Aegis-traditional/app/src/main/res/values-da-rDK/strings.xml:359:4: Multiple substitutions specified in non-positional format of string resource string/backup_error_dialog_details. Did you mean to add the formatted="false" attribute?
/home/auri/feup/tools/Projects/android/Aegis-traditional/app/src/main/res/values-iw-rIL/strings.xml:227:4: Multiple substitutions specified in non-positional format of string resource string/analyzing_qr_multiple. Did you mean to add the formatted="false" attribute?
/home/auri/feup/tools/Projects/android/Aegis-traditional/app/src/main/res/values-iw-rIL/strings.xml:344:4: Multiple substitutions specified in non-positional format of string resource string/backup_error_dialog_details. Did you mean to add the formatted="false" attribute?
/home/auri/feup/tools/Projects/android/Aegis-traditional/app/src/main/res/values-iw-rIL/strings.xml:341:4: Multiple substitutions specified in non-positional format of string resource string/google_qr_export_unexpected. Did you mean to add the formatted="false" attribute?
/home/auri/feup/tools/Projects/android/Aegis-traditional/app/src/main/res/values-iw-rIL/strings.xml:363:4: Multiple substitutions specified in non-positional format of string resource string/unable_to_read_qrcode_files. Did you mean to add the formatted="false" attribute?
/home/auri/feup/tools/Projects/android/Aegis-traditional/app/src/main/res/values-da-rDK/strings.xml:352:4: Multiple substitutions specified in non-positional format of string resource string/google_qr_export_unexpected. Did you mean to add the formatted="false" attribute?
/home/auri/feup/tools/Projects/android/Aegis-traditional/app/src/main/res/values-da-rDK/strings.xml:378:4: Multiple substitutions specified in non-positional format of string resource string/unable_to_read_qrcode_files. Did you mean to add the formatted="false" attribute?
/home/auri/feup/tools/Projects/android/Aegis-traditional/app/src/main/res/values-ar-rSA/strings.xml:337:4: Multiple substitutions specified in non-positional format of string resource string/google_qr_export_unexpected. Did you mean to add the formatted="false" attribute?
/home/auri/feup/tools/Projects/android/Aegis-traditional/app/src/main/res/values-ar-rSA/strings.xml:363:4: Multiple substitutions specified in non-positional format of string resource string/unable_to_read_qrcode_files. Did you mean to add the formatted="false" attribute?
/home/auri/feup/tools/Projects/android/Aegis-traditional/app/src/main/res/values-uk-rUA/strings.xml:231:4: Multiple substitutions specified in non-positional format of string resource string/analyzing_qr_multiple. Did you mean to add the formatted="false" attribute?
/home/auri/feup/tools/Projects/android/Aegis-traditional/app/src/main/res/values-uk-rUA/strings.xml:372:4: Multiple substitutions specified in non-positional format of string resource string/backup_error_dialog_details. Did you mean to add the formatted="false" attribute?
/home/auri/feup/tools/Projects/android/Aegis-traditional/app/src/main/res/values-ru-rRU/strings.xml:238:4: Multiple substitutions specified in non-positional format of string resource string/analyzing_qr_multiple. Did you mean to add the formatted="false" attribute?
/home/auri/feup/tools/Projects/android/Aegis-traditional/app/src/main/res/values-ru-rRU/strings.xml:379:4: Multiple substitutions specified in non-positional format of string resource string/backup_error_dialog_details. Did you mean to add the formatted="false" attribute?
/home/auri/feup/tools/Projects/android/Aegis-traditional/app/src/main/res/values-ru-rRU/strings.xml:370:4: Multiple substitutions specified in non-positional format of string resource string/google_qr_export_unexpected. Did you mean to add the formatted="false" attribute?
/home/auri/feup/tools/Projects/android/Aegis-traditional/app/src/main/res/values-uk-rUA/strings.xml:363:4: Multiple substitutions specified in non-positional format of string resource string/google_qr_export_unexpected. Did you mean to add the formatted="false" attribute?
/home/auri/feup/tools/Projects/android/Aegis-traditional/app/src/main/res/values-ru-rRU/strings.xml:398:4: Multiple substitutions specified in non-positional format of string resource string/unable_to_read_qrcode_files. Did you mean to add the formatted="false" attribute?
/home/auri/feup/tools/Projects/android/Aegis-traditional/app/src/main/res/values-uk-rUA/strings.xml:391:4: Multiple substitutions specified in non-positional format of string resource string/unable_to_read_qrcode_files. Did you mean to add the formatted="false" attribute?
/home/auri/feup/tools/Projects/android/Aegis-traditional/app/src/main/res/values-lt-rLT/strings.xml:162:4: Multiple substitutions specified in non-positional format of string resource string/analyzing_qr_multiple. Did you mean to add the formatted="false" attribute?
/home/auri/feup/tools/Projects/android/Aegis-traditional/app/src/main/res/values-lt-rLT/strings.xml:256:4: Multiple substitutions specified in non-positional format of string resource string/google_qr_export_unexpected. Did you mean to add the formatted="false" attribute?
/home/auri/feup/tools/Projects/android/Aegis-traditional/app/src/main/res/values-ca-rES/strings.xml:221:4: Multiple substitutions specified in non-positional format of string resource string/analyzing_qr_multiple. Did you mean to add the formatted="false" attribute?
/home/auri/feup/tools/Projects/android/Aegis-traditional/app/src/main/res/values-ca-rES/strings.xml:354:4: Multiple substitutions specified in non-positional format of string resource string/backup_error_dialog_details. Did you mean to add the formatted="false" attribute?
/home/auri/feup/tools/Projects/android/Aegis-traditional/app/src/main/res/values-ca-rES/strings.xml:347:4: Multiple substitutions specified in non-positional format of string resource string/google_qr_export_unexpected. Did you mean to add the formatted="false" attribute?
/home/auri/feup/tools/Projects/android/Aegis-traditional/app/src/main/res/values-ca-rES/strings.xml:371:4: Multiple substitutions specified in non-positional format of string resource string/unable_to_read_qrcode_files. Did you mean to add the formatted="false" attribute?
/home/auri/feup/tools/Projects/android/Aegis-traditional/app/src/main/res/values-vi-rVN/strings.xml:201:4: Multiple substitutions specified in non-positional format of string resource string/analyzing_qr_multiple. Did you mean to add the formatted="false" attribute?
/home/auri/feup/tools/Projects/android/Aegis-traditional/app/src/main/res/values-vi-rVN/strings.xml:303:4: Multiple substitutions specified in non-positional format of string resource string/google_qr_export_unexpected. Did you mean to add the formatted="false" attribute?
/home/auri/feup/tools/Projects/android/Aegis-traditional/app/src/main/res/values-es-rES/strings.xml:226:4: Multiple substitutions specified in non-positional format of string resource string/analyzing_qr_multiple. Did you mean to add the formatted="false" attribute?
/home/auri/feup/tools/Projects/android/Aegis-traditional/app/src/main/res/values-es-rES/strings.xml:359:4: Multiple substitutions specified in non-positional format of string resource string/backup_error_dialog_details. Did you mean to add the formatted="false" attribute?
/home/auri/feup/tools/Projects/android/Aegis-traditional/app/src/main/res/values-cs-rCZ/strings.xml:238:4: Multiple substitutions specified in non-positional format of string resource string/analyzing_qr_multiple. Did you mean to add the formatted="false" attribute?
/home/auri/feup/tools/Projects/android/Aegis-traditional/app/src/main/res/values-es-rES/strings.xml:352:4: Multiple substitutions specified in non-positional format of string resource string/google_qr_export_unexpected. Did you mean to add the formatted="false" attribute?
/home/auri/feup/tools/Projects/android/Aegis-traditional/app/src/main/res/values-cs-rCZ/strings.xml:379:4: Multiple substitutions specified in non-positional format of string resource string/backup_error_dialog_details. Did you mean to add the formatted="false" attribute?
/home/auri/feup/tools/Projects/android/Aegis-traditional/app/src/main/res/values-cs-rCZ/strings.xml:370:4: Multiple substitutions specified in non-positional format of string resource string/google_qr_export_unexpected. Did you mean to add the formatted="false" attribute?
/home/auri/feup/tools/Projects/android/Aegis-traditional/app/src/main/res/values-cs-rCZ/strings.xml:398:4: Multiple substitutions specified in non-positional format of string resource string/unable_to_read_qrcode_files. Did you mean to add the formatted="false" attribute?
/home/auri/feup/tools/Projects/android/Aegis-traditional/app/src/main/res/values-es-rES/strings.xml:378:4: Multiple substitutions specified in non-positional format of string resource string/unable_to_read_qrcode_files. Did you mean to add the formatted="false" attribute?
/home/auri/feup/tools/Projects/android/Aegis-traditional/app/src/main/res/values-ja-rJP/strings.xml:220:4: Multiple substitutions specified in non-positional format of string resource string/analyzing_qr_multiple. Did you mean to add the formatted="false" attribute?
/home/auri/feup/tools/Projects/android/Aegis-traditional/app/src/main/res/values-ja-rJP/strings.xml:344:4: Multiple substitutions specified in non-positional format of string resource string/google_qr_export_unexpected. Did you mean to add the formatted="false" attribute?
/home/auri/feup/tools/Projects/android/Aegis-traditional/app/src/main/res/values-ja-rJP/strings.xml:367:4: Multiple substitutions specified in non-positional format of string resource string/unable_to_read_qrcode_files. Did you mean to add the formatted="false" attribute?
/home/auri/feup/tools/Projects/android/Aegis-traditional/app/src/main/res/values-in-rID/strings.xml:194:4: Multiple substitutions specified in non-positional format of string resource string/analyzing_qr_multiple. Did you mean to add the formatted="false" attribute?
/home/auri/feup/tools/Projects/android/Aegis-traditional/app/src/main/res/values-in-rID/strings.xml:297:4: Multiple substitutions specified in non-positional format of string resource string/google_qr_export_unexpected. Did you mean to add the formatted="false" attribute?
/home/auri/feup/tools/Projects/android/Aegis-traditional/app/src/main/res/values-in-rID/strings.xml:314:4: Multiple substitutions specified in non-positional format of string resource string/unable_to_read_qrcode_files. Did you mean to add the formatted="false" attribute?
/home/auri/feup/tools/Projects/android/Aegis-traditional/app/src/main/res/values-fi-rFI/strings.xml:224:4: Multiple substitutions specified in non-positional format of string resource string/analyzing_qr_multiple. Did you mean to add the formatted="false" attribute?
/home/auri/feup/tools/Projects/android/Aegis-traditional/app/src/main/res/values-fi-rFI/strings.xml:349:4: Multiple substitutions specified in non-positional format of string resource string/google_qr_export_unexpected. Did you mean to add the formatted="false" attribute?
/home/auri/feup/tools/Projects/android/Aegis-traditional/app/src/main/res/values-fi-rFI/strings.xml:372:4: Multiple substitutions specified in non-positional format of string resource string/unable_to_read_qrcode_files. Did you mean to add the formatted="false" attribute?
/home/auri/feup/tools/Projects/android/Aegis-traditional/app/src/main/res/values-fr-rFR/strings.xml:226:4: Multiple substitutions specified in non-positional format of string resource string/analyzing_qr_multiple. Did you mean to add the formatted="false" attribute?
/home/auri/feup/tools/Projects/android/Aegis-traditional/app/src/main/res/values-fr-rFR/strings.xml:366:4: Multiple substitutions specified in non-positional format of string resource string/backup_error_dialog_details. Did you mean to add the formatted="false" attribute?
/home/auri/feup/tools/Projects/android/Aegis-traditional/app/src/main/res/values-fr-rFR/strings.xml:352:4: Multiple substitutions specified in non-positional format of string resource string/google_qr_export_unexpected. Did you mean to add the formatted="false" attribute?
/home/auri/feup/tools/Projects/android/Aegis-traditional/app/src/main/res/values-fr-rFR/strings.xml:377:4: Multiple substitutions specified in non-positional format of string resource string/unable_to_read_qrcode_files. Did you mean to add the formatted="false" attribute?
/home/auri/feup/tools/Projects/android/Aegis-traditional/app/src/main/res/values-de-rDE/strings.xml:226:4: Multiple substitutions specified in non-positional format of string resource string/analyzing_qr_multiple. Did you mean to add the formatted="false" attribute?
/home/auri/feup/tools/Projects/android/Aegis-traditional/app/src/main/res/values-de-rDE/strings.xml:359:4: Multiple substitutions specified in non-positional format of string resource string/backup_error_dialog_details. Did you mean to add the formatted="false" attribute?
/home/auri/feup/tools/Projects/android/Aegis-traditional/app/src/main/res/values-de-rDE/strings.xml:352:4: Multiple substitutions specified in non-positional format of string resource string/google_qr_export_unexpected. Did you mean to add the formatted="false" attribute?
/home/auri/feup/tools/Projects/android/Aegis-traditional/app/src/main/res/values-de-rDE/strings.xml:378:4: Multiple substitutions specified in non-positional format of string resource string/unable_to_read_qrcode_files. Did you mean to add the formatted="false" attribute?
/home/auri/feup/tools/Projects/android/Aegis-traditional/app/src/main/res/values-fa-rIR/strings.xml:262:4: Multiple substitutions specified in non-positional format of string resource string/google_qr_export_unexpected. Did you mean to add the formatted="false" attribute?
/home/auri/feup/tools/Projects/android/Aegis-traditional/app/src/main/res/values-nl-rNL/strings.xml:226:4: Multiple substitutions specified in non-positional format of string resource string/analyzing_qr_multiple. Did you mean to add the formatted="false" attribute?
/home/auri/feup/tools/Projects/android/Aegis-traditional/app/src/main/res/values-nl-rNL/strings.xml:359:4: Multiple substitutions specified in non-positional format of string resource string/backup_error_dialog_details. Did you mean to add the formatted="false" attribute?
/home/auri/feup/tools/Projects/android/Aegis-traditional/app/src/main/res/values-nl-rNL/strings.xml:352:4: Multiple substitutions specified in non-positional format of string resource string/google_qr_export_unexpected. Did you mean to add the formatted="false" attribute?
/home/auri/feup/tools/Projects/android/Aegis-traditional/app/src/main/res/values-nl-rNL/strings.xml:378:4: Multiple substitutions specified in non-positional format of string resource string/unable_to_read_qrcode_files. Did you mean to add the formatted="false" attribute?
/home/auri/feup/tools/Projects/android/Aegis-traditional/app/src/main/res/values-it-rIT/strings.xml:226:4: Multiple substitutions specified in non-positional format of string resource string/analyzing_qr_multiple. Did you mean to add the formatted="false" attribute?
/home/auri/feup/tools/Projects/android/Aegis-traditional/app/src/main/res/values-it-rIT/strings.xml:359:4: Multiple substitutions specified in non-positional format of string resource string/backup_error_dialog_details. Did you mean to add the formatted="false" attribute?
/home/auri/feup/tools/Projects/android/Aegis-traditional/app/src/main/res/values-it-rIT/strings.xml:352:4: Multiple substitutions specified in non-positional format of string resource string/google_qr_export_unexpected. Did you mean to add the formatted="false" attribute?
/home/auri/feup/tools/Projects/android/Aegis-traditional/app/src/main/res/values-it-rIT/strings.xml:378:4: Multiple substitutions specified in non-positional format of string resource string/unable_to_read_qrcode_files. Did you mean to add the formatted="false" attribute?
/home/auri/feup/tools/Projects/android/Aegis-traditional/app/src/main/res/values-tr-rTR/strings.xml:226:4: Multiple substitutions specified in non-positional format of string resource string/analyzing_qr_multiple. Did you mean to add the formatted="false" attribute?
/home/auri/feup/tools/Projects/android/Aegis-traditional/app/src/main/res/values-tr-rTR/strings.xml:359:4: Multiple substitutions specified in non-positional format of string resource string/backup_error_dialog_details. Did you mean to add the formatted="false" attribute?
/home/auri/feup/tools/Projects/android/Aegis-traditional/app/src/main/res/values-tr-rTR/strings.xml:352:4: Multiple substitutions specified in non-positional format of string resource string/google_qr_export_unexpected. Did you mean to add the formatted="false" attribute?
/home/auri/feup/tools/Projects/android/Aegis-traditional/app/src/main/res/values-tr-rTR/strings.xml:378:4: Multiple substitutions specified in non-positional format of string resource string/unable_to_read_qrcode_files. Did you mean to add the formatted="false" attribute?

> Task :app:sdkReleaseDependencyData
> Task :app:writeReleaseAppMetadata
> Task :app:writeReleaseSigningConfigVersions
> Task :app:preDebugAndroidTestBuild SKIPPED
> Task :app:compileDebugAndroidTestAidl NO-SOURCE
> Task :app:processDebugAndroidTestManifest
> Task :app:compileDebugAndroidTestRenderscript NO-SOURCE
> Task :app:generateDebugAndroidTestBuildConfig
> Task :app:extractAndroidTestDebugProto
> Task :app:extractAndroidTestProto
> Task :app:mergeReleaseArtProfile
> Task :app:javaPreCompileDebugAndroidTest
> Task :app:checkDebugAndroidTestAarMetadata
> Task :app:generateDebugAndroidTestResValues
> Task :app:mapDebugAndroidTestSourceSetPaths
> Task :app:generateDebugAndroidTestResources
> Task :app:l8DexDesugarLibDebug
> Task :app:mergeExtDexDebug
> Task :app:mergeDebugAndroidTestShaders
> Task :app:compileDebugAndroidTestShaders NO-SOURCE
> Task :app:generateDebugAndroidTestAssets UP-TO-DATE
> Task :app:mergeDebugAndroidTestAssets
> Task :app:compressDebugAndroidTestAssets
> Task :app:bundleReleaseResources
> Task :app:processDebugAndroidTestJavaRes
> Task :app:mergeDebugAndroidTestJniLibFolders
> Task :app:mergeDebugAndroidTestNativeLibs NO-SOURCE
> Task :app:checkDebugAndroidTestDuplicateClasses
> Task :app:desugarDebugAndroidTestFileDependencies
> Task :app:validateSigningDebugAndroidTest
> Task :app:writeDebugAndroidTestSigningConfigVersions
> Task :app:mergeLibDexDebugAndroidTest
> Task :app:mergeDebugAndroidTestResources
> Task :app:processDebugResources
> Task :app:processReleaseResources
> Task :app:mergeExtDexDebugAndroidTest
> Task :app:processDebugAndroidTestResources

> Task :app:compileDebugJavaWithJavac
Note: [1] Wrote GeneratedAppGlideModule with: []
Note: Some input files use or override a deprecated API.
Note: Recompile with -Xlint:deprecation for details.
Note: Some input files use unchecked or unsafe operations.
Note: Recompile with -Xlint:unchecked for details.

> Task :app:hiltAggregateDepsDebug

> Task :app:compileReleaseJavaWithJavac
Note: [1] Wrote GeneratedAppGlideModule with: []
Note: Some input files use or override a deprecated API.
Note: Recompile with -Xlint:deprecation for details.
Note: Some input files use unchecked or unsafe operations.
Note: Recompile with -Xlint:unchecked for details.

> Task :app:hiltJavaCompileDebug
> Task :app:hiltAggregateDepsRelease
> Task :app:bundleDebugClassesToCompileJar
> Task :app:transformDebugClassesWithAsm
> Task :app:mergeDebugJavaResource
> Task :app:hiltJavaCompileRelease
> Task :app:dexBuilderDebug
> Task :app:mergeReleaseGeneratedProguardFiles UP-TO-DATE
> Task :app:mergeProjectDexDebug
> Task :app:transformReleaseClassesWithAsm
> Task :app:extractIncludeDebugAndroidTestProto
> Task :app:generateDebugAndroidTestProto NO-SOURCE
> Task :app:mergeReleaseJavaResource

> Task :app:compileDebugAndroidTestJavaWithJavac
Note: Some input files use or override a deprecated API.
Note: Recompile with -Xlint:deprecation for details.

> Task :app:packageDebug
> Task :app:createDebugApkListingFileRedirect
> Task :app:assembleDebug
> Task :app:hiltAggregateDepsDebugAndroidTest
> Task :app:hiltJavaCompileDebugAndroidTest
> Task :app:transformDebugAndroidTestClassesWithAsm
> Task :app:mergeDebugAndroidTestJavaResource
> Task :app:lintVitalAnalyzeRelease
> Task :app:dexBuilderDebugAndroidTest
> Task :app:lintVitalReportRelease
> Task :app:lintVitalRelease
> Task :app:mergeProjectDexDebugAndroidTest
> Task :app:packageDebugAndroidTest
> Task :app:createDebugAndroidTestApkListingFileRedirect
> Task :app:assembleDebugAndroidTest
> Task :app:assembleAndroidTest
> Task :app:minifyReleaseWithR8
> Task :app:shrinkReleaseRes
> Task :app:optimizeReleaseResources
> Task :app:l8DexDesugarLibRelease
> Task :app:compileReleaseArtProfile
> Task :app:packageRelease
> Task :app:createReleaseApkListingFileRedirect
> Task :app:assembleRelease
> Task :app:assemble

Deprecated Gradle features were used in this build, making it incompatible with Gradle 8.0.

You can use '--warning-mode all' to show the individual deprecation warnings and determine if they come from your own scripts or plugins.

See https://docs.gradle.org/7.4/userguide/command_line_interface.html#sec:command_line_warnings

BUILD SUCCESSFUL in 1m 5s
120 actionable tasks: 118 executed, 2 up-to-date
